#
# There is insufficient memory for the Java Runtime Environment to continue.
# Native memory allocation (malloc) failed to allocate 465600 bytes for Chunk::new
# Possible reasons:
#   The system is out of physical RAM or swap space
#   In 32 bit mode, the process size limit was hit
# Possible solutions:
#   Reduce memory load on the system
#   Increase physical memory or swap space
#   Check if swap backing store is full
#   Use 64 bit Java on a 64 bit OS
#   Decrease Java heap size (-Xmx/-Xms)
#   Decrease number of Java threads
#   Decrease Java thread stack sizes (-Xss)
#   Set larger code cache with -XX:ReservedCodeCacheSize=
# This output file may be truncated or incomplete.
#
#  Out of Memory Error (allocation.cpp:390), pid=2552, tid=30260
#
# JRE version: Java(TM) SE Runtime Environment (8.0_65-b17) (build 1.8.0_65-b17)
# Java VM: Java HotSpot(TM) 64-Bit Server VM (25.65-b01 mixed mode windows-amd64 compressed oops)
# Failed to write core dump. Minidumps are not enabled by default on client versions of Windows
#

---------------  T H R E A D  ---------------

Current thread (0x0000000019e2a000):  JavaThread "C2 CompilerThread1" daemon [_thread_in_native, id=30260, stack(0x000000001a4a0000,0x000000001a5a0000)]

Stack: [0x000000001a4a0000,0x000000001a5a0000]
[error occurred during error reporting (printing stack bounds), id 0xc0000005]

Native frames: (J=compiled Java code, j=interpreted, Vv=VM code, C=native code)


Current CompileTask:
C2:   2896 1242   !   4       java.lang.ClassLoader::loadClass (122 bytes)


---------------  P R O C E S S  ---------------

Java Threads: ( => current thread )
  0x0000000019ecc800 JavaThread "Service Thread" daemon [_thread_blocked, id=29516, stack(0x000000001a7a0000,0x000000001a8a0000)]
  0x0000000019e34000 JavaThread "C1 CompilerThread3" daemon [_thread_in_vm, id=31276, stack(0x000000001a6a0000,0x000000001a7a0000)]
  0x0000000019e31000 JavaThread "C2 CompilerThread2" daemon [_thread_in_native, id=26860, stack(0x000000001a5a0000,0x000000001a6a0000)]
=>0x0000000019e2a000 JavaThread "C2 CompilerThread1" daemon [_thread_in_native, id=30260, stack(0x000000001a4a0000,0x000000001a5a0000)]
  0x0000000019dd9800 JavaThread "C2 CompilerThread0" daemon [_thread_in_native, id=9848, stack(0x000000001a3a0000,0x000000001a4a0000)]
  0x0000000019dd5800 JavaThread "Attach Listener" daemon [_thread_blocked, id=22728, stack(0x000000001a2a0000,0x000000001a3a0000)]
  0x0000000019e28800 JavaThread "Signal Dispatcher" daemon [_thread_blocked, id=31348, stack(0x000000001a1a0000,0x000000001a2a0000)]
  0x0000000002d4a000 JavaThread "Finalizer" daemon [_thread_blocked, id=30324, stack(0x0000000019c10000,0x0000000019d10000)]
  0x0000000017d1d800 JavaThread "Reference Handler" daemon [_thread_blocked, id=7792, stack(0x0000000019b10000,0x0000000019c10000)]
  0x000000000285d800 JavaThread "main" [_thread_in_Java, id=22500, stack(0x0000000002750000,0x0000000002850000)]

Other Threads:
  0x0000000017d19000 VMThread [stack: 0x0000000019a10000,0x0000000019b10000] [id=9636]
  0x0000000019f47800 WatcherThread [stack: 0x000000001a8a0000,0x000000001a9a0000] [id=29844]

VM state:not at safepoint (normal execution)

VM Mutex/Monitor currently owned by a thread: None

Heap:
 PSYoungGen      total 38400K, used 12449K [0x00000000d5b80000, 0x00000000da680000, 0x0000000100000000)
  eden space 33280K, 22% used [0x00000000d5b80000,0x00000000d62b0260,0x00000000d7c00000)
  from space 5120K, 99% used [0x00000000d8100000,0x00000000d85f8460,0x00000000d8600000)
  to   space 5120K, 0% used [0x00000000d7c00000,0x00000000d7c00000,0x00000000d8100000)
 ParOldGen       total 87552K, used 2764K [0x0000000081200000, 0x0000000086780000, 0x00000000d5b80000)
  object space 87552K, 3% used [0x0000000081200000,0x00000000814b3248,0x0000000086780000)
 Metaspace       used 13292K, capacity 13552K, committed 13824K, reserved 1060864K
  class space    used 1670K, capacity 1770K, committed 1792K, reserved 1048576K

Card table byte_map: [0x0000000012110000,0x0000000012510000] byte_map_base: 0x0000000011d07000

Marking Bits: (ParMarkBitMap*) 0x0000000051e0a5b0
 Begin Bits: [0x0000000012fc0000, 0x0000000014f78000)
 End Bits:   [0x0000000014f78000, 0x0000000016f30000)

Polling page: 0x0000000000f50000

CodeCache: size=245760Kb used=4696Kb max_used=4696Kb free=241063Kb
 bounds [0x0000000002d50000, 0x00000000031f0000, 0x0000000011d50000]
 total_blobs=1664 nmethods=1318 adapters=258
 compilation: enabled

Compilation events (10 events):
Event: 2.890 Thread 0x0000000019e34000 nmethod 1312 0x00000000031de850 code [0x00000000031de9a0, 0x00000000031deb30]
Event: 2.890 Thread 0x0000000019e34000 1317       3       sun.reflect.generics.parser.SignatureParser::parseClassTypeSignature (118 bytes)
Event: 2.892 Thread 0x0000000019e34000 nmethod 1317 0x00000000031debd0 code [0x00000000031def40, 0x00000000031e07f8]
Event: 2.892 Thread 0x0000000019e34000 1318       3       sun.reflect.generics.parser.SignatureParser::parseClassTypeSignatureSuffix (29 bytes)
Event: 2.892 Thread 0x0000000019e34000 nmethod 1318 0x00000000031e1590 code [0x00000000031e1740, 0x00000000031e1ab8]
Event: 2.892 Thread 0x0000000019e34000 1319       3       sun.reflect.generics.tree.ClassTypeSignature::make (9 bytes)
Event: 2.892 Thread 0x0000000019e34000 nmethod 1319 0x00000000031e1c10 code [0x00000000031e1d80, 0x00000000031e1fd0]
Event: 2.892 Thread 0x0000000019e34000 1320       3       sun.reflect.generics.tree.ClassTypeSignature::<init> (10 bytes)
Event: 2.893 Thread 0x0000000019e34000 nmethod 1320 0x00000000031e20d0 code [0x00000000031e2220, 0x00000000031e23f0]
Event: 2.893 Thread 0x0000000019e34000 1313   !   3       com.google.common.util.concurrent.Uninterruptibles::getUninterruptibly (40 bytes)

GC Heap History (4 events):
Event: 2.075 GC heap before
{Heap before GC invocations=1 (full 0):
 PSYoungGen      total 38400K, used 33280K [0x00000000d5b80000, 0x00000000d8600000, 0x0000000100000000)
  eden space 33280K, 100% used [0x00000000d5b80000,0x00000000d7c00000,0x00000000d7c00000)
  from space 5120K, 0% used [0x00000000d8100000,0x00000000d8100000,0x00000000d8600000)
  to   space 5120K, 0% used [0x00000000d7c00000,0x00000000d7c00000,0x00000000d8100000)
 ParOldGen       total 87552K, used 0K [0x0000000081200000, 0x0000000086780000, 0x00000000d5b80000)
  object space 87552K, 0% used [0x0000000081200000,0x0000000081200000,0x0000000086780000)
 Metaspace       used 8602K, capacity 8824K, committed 9088K, reserved 1056768K
  class space    used 1053K, capacity 1116K, committed 1152K, reserved 1048576K
Event: 2.084 GC heap after
Heap after GC invocations=1 (full 0):
 PSYoungGen      total 38400K, used 5089K [0x00000000d5b80000, 0x00000000d8600000, 0x0000000100000000)
  eden space 33280K, 0% used [0x00000000d5b80000,0x00000000d5b80000,0x00000000d7c00000)
  from space 5120K, 99% used [0x00000000d7c00000,0x00000000d80f85f8,0x00000000d8100000)
  to   space 5120K, 0% used [0x00000000d8100000,0x00000000d8100000,0x00000000d8600000)
 ParOldGen       total 87552K, used 287K [0x0000000081200000, 0x0000000086780000, 0x00000000d5b80000)
  object space 87552K, 0% used [0x0000000081200000,0x0000000081247c98,0x0000000086780000)
 Metaspace       used 8602K, capacity 8824K, committed 9088K, reserved 1056768K
  class space    used 1053K, capacity 1116K, committed 1152K, reserved 1048576K
}
Event: 2.681 GC heap before
{Heap before GC invocations=2 (full 0):
 PSYoungGen      total 38400K, used 38369K [0x00000000d5b80000, 0x00000000d8600000, 0x0000000100000000)
  eden space 33280K, 100% used [0x00000000d5b80000,0x00000000d7c00000,0x00000000d7c00000)
  from space 5120K, 99% used [0x00000000d7c00000,0x00000000d80f85f8,0x00000000d8100000)
  to   space 5120K, 0% used [0x00000000d8100000,0x00000000d8100000,0x00000000d8600000)
 ParOldGen       total 87552K, used 287K [0x0000000081200000, 0x0000000086780000, 0x00000000d5b80000)
  object space 87552K, 0% used [0x0000000081200000,0x0000000081247c98,0x0000000086780000)
 Metaspace       used 12407K, capacity 12612K, committed 12672K, reserved 1060864K
  class space    used 1543K, capacity 1608K, committed 1664K, reserved 1048576K
Event: 2.692 GC heap after
Heap after GC invocations=2 (full 0):
 PSYoungGen      total 38400K, used 5089K [0x00000000d5b80000, 0x00000000da680000, 0x0000000100000000)
  eden space 33280K, 0% used [0x00000000d5b80000,0x00000000d5b80000,0x00000000d7c00000)
  from space 5120K, 99% used [0x00000000d8100000,0x00000000d85f8460,0x00000000d8600000)
  to   space 5120K, 0% used [0x00000000d7c00000,0x00000000d7c00000,0x00000000d8100000)
 ParOldGen       total 87552K, used 2764K [0x0000000081200000, 0x0000000086780000, 0x00000000d5b80000)
  object space 87552K, 3% used [0x0000000081200000,0x00000000814b3248,0x0000000086780000)
 Metaspace       used 12407K, capacity 12612K, committed 12672K, reserved 1060864K
  class space    used 1543K, capacity 1608K, committed 1664K, reserved 1048576K
}

Deoptimization events (10 events):
Event: 2.066 Thread 0x000000000285d800 Uncommon trap: reason=unstable_if action=reinterpret pc=0x0000000003028e48 method=sun.nio.cs.StreamDecoder.read([CII)I @ 136
Event: 2.070 Thread 0x000000000285d800 Uncommon trap: reason=unstable_if action=reinterpret pc=0x0000000003026370 method=sun.nio.cs.StreamDecoder.read([CII)I @ 136
Event: 2.098 Thread 0x000000000285d800 Uncommon trap: reason=unstable_if action=reinterpret pc=0x000000000303b9e4 method=sun.nio.cs.StreamDecoder.implRead([CII)I @ 197
Event: 2.099 Thread 0x000000000285d800 Uncommon trap: reason=unstable_if action=reinterpret pc=0x0000000003034b88 method=java.io.Reader.read()I @ 12
Event: 2.728 Thread 0x000000000285d800 Uncommon trap: reason=bimorphic action=maybe_recompile pc=0x00000000030975f8 method=java.util.HashMap.putVal(ILjava/lang/Object;Ljava/lang/Object;ZZ)Ljava/lang/Object; @ 203
Event: 2.728 Thread 0x000000000285d800 Uncommon trap: reason=bimorphic action=maybe_recompile pc=0x00000000030975f8 method=java.util.HashMap.putVal(ILjava/lang/Object;Ljava/lang/Object;ZZ)Ljava/lang/Object; @ 203
Event: 2.798 Thread 0x000000000285d800 Uncommon trap: reason=unstable_if action=reinterpret pc=0x00000000030dd370 method=java.util.concurrent.ConcurrentHashMap.putVal(Ljava/lang/Object;Ljava/lang/Object;Z)Ljava/lang/Object; @ 206
Event: 2.838 Thread 0x000000000285d800 Uncommon trap: reason=bimorphic action=maybe_recompile pc=0x00000000030975f8 method=java.util.HashMap.putVal(ILjava/lang/Object;Ljava/lang/Object;ZZ)Ljava/lang/Object; @ 203
Event: 2.838 Thread 0x000000000285d800 Uncommon trap: reason=bimorphic action=maybe_recompile pc=0x00000000030975f8 method=java.util.HashMap.putVal(ILjava/lang/Object;Ljava/lang/Object;ZZ)Ljava/lang/Object; @ 203
Event: 2.838 Thread 0x000000000285d800 Uncommon trap: reason=bimorphic action=maybe_recompile pc=0x00000000030a0fbc method=java.util.HashMap.putVal(ILjava/lang/Object;Ljava/lang/Object;ZZ)Ljava/lang/Object; @ 203

Internal exceptions (10 events):
Event: 1.919 Thread 0x000000000285d800 Exception <a 'java/lang/ArrayIndexOutOfBoundsException'> (0x00000000d71dbf98) thrown at [C:\workspace\8-2-build-windows-amd64-cygwin\jdk8u65\4987\hotspot\src\share\vm\runtime\sharedRuntime.cpp, line 605]
Event: 1.919 Thread 0x000000000285d800 Exception <a 'java/lang/ArrayIndexOutOfBoundsException'> (0x00000000d71dd800) thrown at [C:\workspace\8-2-build-windows-amd64-cygwin\jdk8u65\4987\hotspot\src\share\vm\runtime\sharedRuntime.cpp, line 605]
Event: 1.919 Thread 0x000000000285d800 Exception <a 'java/lang/ArrayIndexOutOfBoundsException'> (0x00000000d71de668) thrown at [C:\workspace\8-2-build-windows-amd64-cygwin\jdk8u65\4987\hotspot\src\share\vm\runtime\sharedRuntime.cpp, line 605]
Event: 1.919 Thread 0x000000000285d800 Exception <a 'java/lang/ArrayIndexOutOfBoundsException'> (0x00000000d71e0170) thrown at [C:\workspace\8-2-build-windows-amd64-cygwin\jdk8u65\4987\hotspot\src\share\vm\runtime\sharedRuntime.cpp, line 605]
Event: 1.919 Thread 0x000000000285d800 Exception <a 'java/lang/ArrayIndexOutOfBoundsException'> (0x00000000d71e13b8) thrown at [C:\workspace\8-2-build-windows-amd64-cygwin\jdk8u65\4987\hotspot\src\share\vm\runtime\sharedRuntime.cpp, line 605]
Event: 1.920 Thread 0x000000000285d800 Exception <a 'java/lang/ArrayIndexOutOfBoundsException': 100> (0x00000000d71e2c28) thrown at [C:\workspace\8-2-build-windows-amd64-cygwin\jdk8u65\4987\hotspot\src\share\vm\interpreter\interpreterRuntime.cpp, line 366]
Event: 1.920 Thread 0x000000000285d800 Exception <a 'java/lang/ArrayIndexOutOfBoundsException': 86> (0x00000000d71e4278) thrown at [C:\workspace\8-2-build-windows-amd64-cygwin\jdk8u65\4987\hotspot\src\share\vm\interpreter\interpreterRuntime.cpp, line 366]
Event: 2.827 Thread 0x000000000285d800 Exception <a 'java/lang/NoClassDefFoundError': com/google/inject/servlet/ServletModuleTargetVisitor> (0x00000000d6102928) thrown at [C:\workspace\8-2-build-windows-amd64-cygwin\jdk8u65\4987\hotspot\src\share\vm\classfile\systemDictionary.cpp, line 199]
Event: 2.828 Thread 0x000000000285d800 Exception <a 'java/lang/NoClassDefFoundError'> (0x00000000d6102928) thrown at [C:\workspace\8-2-build-windows-amd64-cygwin\jdk8u65\4987\hotspot\src\share\vm\prims\jvm.cpp, line 1390]
Event: 2.828 Thread 0x000000000285d800 Exception <a 'java/lang/NoClassDefFoundError': javax/annotation/Priority> (0x00000000d6109460) thrown at [C:\workspace\8-2-build-windows-amd64-cygwin\jdk8u65\4987\hotspot\src\share\vm\classfile\systemDictionary.cpp, line 199]

Events (10 events):
Event: 2.885 loading class java/util/concurrent/LinkedBlockingQueue
Event: 2.885 loading class java/util/concurrent/LinkedBlockingQueue done
Event: 2.885 loading class java/util/concurrent/locks/AbstractQueuedSynchronizer$ConditionObject
Event: 2.885 loading class java/util/concurrent/locks/Condition
Event: 2.885 loading class java/util/concurrent/locks/Condition done
Event: 2.885 loading class java/util/concurrent/locks/AbstractQueuedSynchronizer$ConditionObject done
Event: 2.886 loading class java/util/concurrent/LinkedBlockingQueue$Node
Event: 2.886 loading class java/util/concurrent/LinkedBlockingQueue$Node done
Event: 2.886 loading class org/apache/maven/artifact/resolver/DefaultArtifactResolver$DaemonThreadCreator
Event: 2.886 loading class org/apache/maven/artifact/resolver/DefaultArtifactResolver$DaemonThreadCreator done


Dynamic libraries:
0x00007ff77ff70000 - 0x00007ff77ffa7000 	C:\Program Files\Java\jdk1.8.0_65\bin\javaw.exe
0x00007ffed20e0000 - 0x00007ffed22c1000 	C:\WINDOWS\SYSTEM32\ntdll.dll
0x00007ffecfd60000 - 0x00007ffecfe12000 	C:\WINDOWS\System32\KERNEL32.DLL
0x00007ffecee00000 - 0x00007ffecf073000 	C:\WINDOWS\System32\KERNELBASE.dll
0x00007ffecf5a0000 - 0x00007ffecf641000 	C:\WINDOWS\System32\ADVAPI32.dll
0x00007ffecf910000 - 0x00007ffecf9ae000 	C:\WINDOWS\System32\msvcrt.dll
0x00007ffecf650000 - 0x00007ffecf6ab000 	C:\WINDOWS\System32\sechost.dll
0x00007ffed03c0000 - 0x00007ffed04e4000 	C:\WINDOWS\System32\RPCRT4.dll
0x00007ffed1940000 - 0x00007ffed1ad0000 	C:\WINDOWS\System32\USER32.dll
0x00007ffecf3b0000 - 0x00007ffecf3d0000 	C:\WINDOWS\System32\win32u.dll
0x00007ffecf8e0000 - 0x00007ffecf908000 	C:\WINDOWS\System32\GDI32.dll
0x00007ffecf3d0000 - 0x00007ffecf562000 	C:\WINDOWS\System32\gdi32full.dll
0x00007ffecf2b0000 - 0x00007ffecf34f000 	C:\WINDOWS\System32\msvcp_win.dll
0x00007ffecf1b0000 - 0x00007ffecf2aa000 	C:\WINDOWS\System32\ucrtbase.dll
0x00007ffeb8780000 - 0x00007ffeb89e9000 	C:\WINDOWS\WinSxS\amd64_microsoft.windows.common-controls_6595b64144ccf1df_6.0.17134.472_none_fb3f9af53068156d\COMCTL32.dll
0x00007ffecf9b0000 - 0x00007ffecfcd2000 	C:\WINDOWS\System32\combase.dll
0x00007ffecf080000 - 0x00007ffecf0fa000 	C:\WINDOWS\System32\bcryptPrimitives.dll
0x00007ffecf570000 - 0x00007ffecf59d000 	C:\WINDOWS\System32\IMM32.DLL
0x0000000052560000 - 0x0000000052632000 	C:\Program Files\Java\jdk1.8.0_65\jre\bin\msvcr100.dll
0x0000000051600000 - 0x0000000051e89000 	C:\Program Files\Java\jdk1.8.0_65\jre\bin\server\jvm.dll
0x00007ffecff60000 - 0x00007ffecff68000 	C:\WINDOWS\System32\PSAPI.DLL
0x00007ffecc510000 - 0x00007ffecc519000 	C:\WINDOWS\SYSTEM32\WSOCK32.dll
0x00007ffecbbb0000 - 0x00007ffecbbd3000 	C:\WINDOWS\SYSTEM32\WINMM.dll
0x00007ffec2d90000 - 0x00007ffec2d9a000 	C:\WINDOWS\SYSTEM32\VERSION.dll
0x00007ffecfed0000 - 0x00007ffecff3c000 	C:\WINDOWS\System32\WS2_32.dll
0x00007ffecbb80000 - 0x00007ffecbbaa000 	C:\WINDOWS\SYSTEM32\winmmbase.dll
0x00007ffece4b0000 - 0x00007ffece4f9000 	C:\WINDOWS\System32\cfgmgr32.dll
0x0000000052730000 - 0x000000005273f000 	C:\Program Files\Java\jdk1.8.0_65\jre\bin\verify.dll
0x00000000526a0000 - 0x00000000526c9000 	C:\Program Files\Java\jdk1.8.0_65\jre\bin\java.dll
0x0000000052680000 - 0x0000000052696000 	C:\Program Files\Java\jdk1.8.0_65\jre\bin\zip.dll
0x00007ffed04f0000 - 0x00007ffed1930000 	C:\WINDOWS\System32\SHELL32.dll
0x00007ffecfe20000 - 0x00007ffecfec9000 	C:\WINDOWS\System32\shcore.dll
0x00007ffece500000 - 0x00007ffecec0d000 	C:\WINDOWS\System32\windows.storage.dll
0x00007ffed1db0000 - 0x00007ffed1e01000 	C:\WINDOWS\System32\shlwapi.dll
0x00007ffece460000 - 0x00007ffece471000 	C:\WINDOWS\System32\kernel.appcore.dll
0x00007ffece490000 - 0x00007ffece4af000 	C:\WINDOWS\System32\profapi.dll
0x00007ffece3f0000 - 0x00007ffece43c000 	C:\WINDOWS\System32\powrprof.dll
0x00007ffece480000 - 0x00007ffece48a000 	C:\WINDOWS\System32\FLTLIB.DLL
0x00007ffece170000 - 0x00007ffece187000 	C:\WINDOWS\SYSTEM32\CRYPTSP.dll
0x00007ffecd810000 - 0x00007ffecd843000 	C:\WINDOWS\system32\rsaenh.dll
0x00007ffecdf80000 - 0x00007ffecdfa5000 	C:\WINDOWS\SYSTEM32\bcrypt.dll
0x00007ffece2f0000 - 0x00007ffece318000 	C:\WINDOWS\SYSTEM32\USERENV.dll
0x00007ffecdd80000 - 0x00007ffecdd8b000 	C:\WINDOWS\SYSTEM32\CRYPTBASE.dll
0x0000000052660000 - 0x000000005267a000 	C:\Program Files\Java\jdk1.8.0_65\jre\bin\net.dll
0x00007ffecdc20000 - 0x00007ffecdc86000 	C:\WINDOWS\system32\mswsock.dll
0x00007ffecd9b0000 - 0x00007ffecd9e8000 	C:\WINDOWS\SYSTEM32\IPHLPAPI.DLL
0x00007ffecf8d0000 - 0x00007ffecf8d8000 	C:\WINDOWS\System32\NSI.dll
0x00007ffec75b0000 - 0x00007ffec75c6000 	C:\WINDOWS\SYSTEM32\dhcpcsvc6.DLL
0x00007ffec7590000 - 0x00007ffec75aa000 	C:\WINDOWS\SYSTEM32\dhcpcsvc.DLL
0x0000000052640000 - 0x0000000052651000 	C:\Program Files\Java\jdk1.8.0_65\jre\bin\nio.dll
0x00007ffec9360000 - 0x00007ffec936a000 	C:\Users\Woo-Young\AppData\Local\Temp\jansi-1.17-4220997506147712421.dll
0x00007ffec8aa0000 - 0x00007ffec8aaa000 	C:\Users\Woo-Young\AppData\Local\Temp\jansi-1.17-3089473781382926345.dll

VM Arguments:
jvm_args: -Dmaven.home=EMBEDDED -Dclassworlds.conf=D:\PROJECT\springbootworkspace\.metadata\.plugins\org.eclipse.m2e.launching\launches\m2conf83723501710222180.tmp -Dmaven.multiModuleProjectDirectory=D:\PROJECT\springbootworkspace\spring-mvc-showcase -Dfile.encoding=MS949 
java_command: org.codehaus.plexus.classworlds.launcher.Launcher -Ppom.xml -B jetty:run
java_class_path (initial): D:\ProgramFiles\sts-4.1.0\plugins\org.eclipse.m2e.maven.runtime_1.10.0.20181127-2120\jars\plexus-classworlds-2.5.2.jar
Launcher Type: SUN_STANDARD

Environment Variables:
JAVA_HOME=C:\Program Files\Java\jdk1.8.0_65
PATH=C:/Program Files/Java/jdk1.8.0_65/jre/bin/server;C:/Program Files/Java/jdk1.8.0_65/jre/bin;C:/Program Files/Java/jdk1.8.0_65/jre/lib/amd64;C:\Program Files\Docker\Docker\Resources\bin;C:\Program Files (x86)\Common Files\Oracle\Java\javapath;C:\Program Files\Java\jdk1.8.0_65bin;C:\ProgramData\Oracle\Java\javapath;C:\WINDOWS\system32;C:\WINDOWS;C:\WINDOWS\System32\Wbem;C:\WINDOWS\System32\WindowsPowerShell\v1.0\;C:\Program Files\TortoiseSVN\bin;C:\Program Files\Git\cmd;C:\ProgramData\Anaconda3;C:\ProgramData\Anaconda3\Scripts;;C:\WINDOWS\System32\OpenSSH\;C:\Program Files\Microsoft VS Code\bin;C:\Users\Woo-Young\AppData\Local\Microsoft\WindowsApps;;C:\Program Files\Microsoft VS Code\bin;D:\ProgramFiles\sts-4.1.0;
USERNAME=Woo-Young
OS=Windows_NT
PROCESSOR_IDENTIFIER=Intel64 Family 6 Model 70 Stepping 1, GenuineIntel



---------------  S Y S T E M  ---------------

OS: Windows 10.0 , 64 bit Build 17134 (10.0.17134.1)

CPU:total 8 (4 cores per cpu, 2 threads per core) family 6 model 70 stepping 1, cmov, cx8, fxsr, mmx, sse, sse2, sse3, ssse3, sse4.1, sse4.2, popcnt, avx, avx2, aes, clmul, erms, lzcnt, ht, tsc, tscinvbit, bmi1, bmi2

Memory: 4k page, physical 8306988k(3013800k free), swap 33472812k(5456k free)

vm_info: Java HotSpot(TM) 64-Bit Server VM (25.65-b01) for windows-amd64 JRE (1.8.0_65-b17), built on Oct  6 2015 16:39:20 by "java_re" with MS VC++ 10.0 (VS2010)

time: Sat Jan 12 23:27:53 2019
elapsed time: 2 seconds (0d 0h 0m 2s)

