#
# There is insufficient memory for the Java Runtime Environment to continue.
# Native memory allocation (malloc) failed to allocate 2866096 bytes for Chunk::new
# Possible reasons:
#   The system is out of physical RAM or swap space
#   In 32 bit mode, the process size limit was hit
# Possible solutions:
#   Reduce memory load on the system
#   Increase physical memory or swap space
#   Check if swap backing store is full
#   Use 64 bit Java on a 64 bit OS
#   Decrease Java heap size (-Xmx/-Xms)
#   Decrease number of Java threads
#   Decrease Java thread stack sizes (-Xss)
#   Set larger code cache with -XX:ReservedCodeCacheSize=
# This output file may be truncated or incomplete.
#
#  Out of Memory Error (allocation.cpp:390), pid=10656, tid=9748
#
# JRE version: Java(TM) SE Runtime Environment (8.0_65-b17) (build 1.8.0_65-b17)
# Java VM: Java HotSpot(TM) 64-Bit Server VM (25.65-b01 mixed mode windows-amd64 compressed oops)
# Failed to write core dump. Minidumps are not enabled by default on client versions of Windows
#

---------------  T H R E A D  ---------------

Current thread (0x0000000019bfb000):  JavaThread "C2 CompilerThread2" daemon [_thread_in_native, id=9748, stack(0x000000001a360000,0x000000001a460000)]

Stack: [0x000000001a360000,0x000000001a460000]
[error occurred during error reporting (printing stack bounds), id 0xc0000005]

Native frames: (J=compiled Java code, j=interpreted, Vv=VM code, C=native code)


Current CompileTask:
C2:  13912 5754       4       java.net.URLClassLoader$1::run (5 bytes)


---------------  P R O C E S S  ---------------

Java Threads: ( => current thread )
  0x000000001b218000 JavaThread "pool-2-thread-1" [_thread_blocked, id=26164, stack(0x0000000024750000,0x0000000024850000)]
  0x000000001b213000 JavaThread "Scheduler-965778714" [_thread_blocked, id=26912, stack(0x0000000023180000,0x0000000023280000)]
  0x000000001b216800 JavaThread "qtp1955502880-24" [_thread_blocked, id=16872, stack(0x0000000020c80000,0x0000000020d80000)]
  0x000000001b219000 JavaThread "qtp1955502880-23-acceptor-0@b8d2829-ServerConnector@734fbae3{HTTP/1.1,[http/1.1]}{0.0.0.0:8080}" [_thread_in_native, id=22764, stack(0x000000001f870000,0x000000001f970000)]
  0x000000001ca23000 JavaThread "qtp1955502880-21" [_thread_blocked, id=30196, stack(0x000000001f370000,0x000000001f470000)]
  0x000000001ca22800 JavaThread "qtp1955502880-20" [_thread_blocked, id=21804, stack(0x000000001f270000,0x000000001f370000)]
  0x000000001d0a7800 JavaThread "qtp1955502880-19" [_thread_in_native, id=28940, stack(0x000000001f170000,0x000000001f270000)]
  0x000000001cc62000 JavaThread "qtp1955502880-18" [_thread_in_native, id=27616, stack(0x000000001f070000,0x000000001f170000)]
  0x000000001e4a2800 JavaThread "qtp1955502880-17" [_thread_in_native, id=11200, stack(0x000000001ef70000,0x000000001f070000)]
  0x000000001d3a3000 JavaThread "qtp1955502880-16" [_thread_blocked, id=28904, stack(0x000000001ee70000,0x000000001ef70000)]
  0x000000001e353800 JavaThread "qtp1955502880-15" [_thread_blocked, id=18828, stack(0x000000001dd60000,0x000000001de60000)]
  0x000000001d242800 JavaThread "qtp1955502880-14" [_thread_in_native, id=15472, stack(0x000000001d5e0000,0x000000001d6e0000)]
  0x0000000019c8c000 JavaThread "Service Thread" daemon [_thread_blocked, id=11824, stack(0x000000001a560000,0x000000001a660000)]
  0x0000000019c00000 JavaThread "C1 CompilerThread3" daemon [_thread_blocked, id=23028, stack(0x000000001a460000,0x000000001a560000)]
=>0x0000000019bfb000 JavaThread "C2 CompilerThread2" daemon [_thread_in_native, id=9748, stack(0x000000001a360000,0x000000001a460000)]
  0x0000000019be8800 JavaThread "C2 CompilerThread1" daemon [_thread_in_native, id=14608, stack(0x000000001a260000,0x000000001a360000)]
  0x0000000019be6800 JavaThread "C2 CompilerThread0" daemon [_thread_in_native, id=27980, stack(0x000000001a160000,0x000000001a260000)]
  0x0000000019be2800 JavaThread "Attach Listener" daemon [_thread_blocked, id=24088, stack(0x000000001a060000,0x000000001a160000)]
  0x0000000019b98800 JavaThread "Signal Dispatcher" daemon [_thread_blocked, id=8432, stack(0x0000000019f60000,0x000000001a060000)]
  0x0000000002b19800 JavaThread "Finalizer" daemon [_thread_blocked, id=22476, stack(0x00000000199d0000,0x0000000019ad0000)]
  0x0000000002b13000 JavaThread "Reference Handler" daemon [_thread_blocked, id=28512, stack(0x00000000198d0000,0x00000000199d0000)]
  0x0000000000e0d800 JavaThread "main" [_thread_blocked, id=26752, stack(0x0000000002920000,0x0000000002a20000)]

Other Threads:
  0x0000000017ae9800 VMThread [stack: 0x00000000197d0000,0x00000000198d0000] [id=26720]
  0x0000000019cf9000 WatcherThread [stack: 0x000000001a660000,0x000000001a760000] [id=7140]

VM state:not at safepoint (normal execution)

VM Mutex/Monitor currently owned by a thread: None

Heap:
 PSYoungGen      total 265728K, used 163219K [0x00000000d5b80000, 0x00000000ee500000, 0x0000000100000000)
  eden space 243712K, 66% used [0x00000000d5b80000,0x00000000dfae4d38,0x00000000e4980000)
  from space 22016K, 0% used [0x00000000e4980000,0x00000000e4980000,0x00000000e5f00000)
  to   space 33280K, 0% used [0x00000000ec480000,0x00000000ec480000,0x00000000ee500000)
 ParOldGen       total 128000K, used 54372K [0x0000000081200000, 0x0000000088f00000, 0x00000000d5b80000)
  object space 128000K, 42% used [0x0000000081200000,0x0000000084719330,0x0000000088f00000)
 Metaspace       used 44193K, capacity 45304K, committed 45480K, reserved 1089536K
  class space    used 5464K, capacity 5746K, committed 5800K, reserved 1048576K

Card table byte_map: [0x0000000011ee0000,0x00000000122e0000] byte_map_base: 0x0000000011ad7000

Marking Bits: (ParMarkBitMap*) 0x0000000051e0a5b0
 Begin Bits: [0x0000000012d90000, 0x0000000014d48000)
 End Bits:   [0x0000000014d48000, 0x0000000016d00000)

Polling page: 0x00000000008e0000

CodeCache: size=245760Kb used=18723Kb max_used=18755Kb free=227036Kb
 bounds [0x0000000002b20000, 0x0000000003d80000, 0x0000000011b20000]
 total_blobs=5745 nmethods=5270 adapters=387
 compilation: enabled

Compilation events (10 events):
Event: 13.838 Thread 0x0000000019c00000 5871       1       java.lang.invoke.InnerClassLambdaMetafactory::access$000 (5 bytes)
Event: 13.838 Thread 0x0000000019c00000 nmethod 5871 0x0000000003d7a050 code [0x0000000003d7a1a0, 0x0000000003d7a290]
Event: 13.838 Thread 0x0000000019c00000 5873       3       java.lang.invoke.MethodHandles$Lookup::checkSecurityManager (87 bytes)
Event: 13.841 Thread 0x0000000019c00000 nmethod 5873 0x0000000003d75dd0 code [0x0000000003d760a0, 0x0000000003d77458]
Event: 13.841 Thread 0x0000000019c00000 5872       1       java.lang.invoke.InnerClassLambdaMetafactory::access$700 (5 bytes)
Event: 13.841 Thread 0x0000000019c00000 nmethod 5872 0x0000000003d75750 code [0x0000000003d758a0, 0x0000000003d75990]
Event: 13.847 Thread 0x0000000019c00000 5875       3       java.util.regex.Matcher::end (22 bytes)
Event: 13.847 Thread 0x0000000019c00000 nmethod 5875 0x0000000003d752d0 code [0x0000000003d75440, 0x0000000003d75688]
Event: 13.847 Thread 0x0000000019c00000 5876       1       java.util.Formatter::access$000 (5 bytes)
Event: 13.848 Thread 0x0000000019c00000 nmethod 5876 0x0000000003d75010 code [0x0000000003d75160, 0x0000000003d75250]

GC Heap History (10 events):
Event: 6.916 GC heap before
{Heap before GC invocations=7 (full 0):
 PSYoungGen      total 143360K, used 17905K [0x00000000d5b80000, 0x00000000df380000, 0x0000000100000000)
  eden space 132608K, 5% used [0x00000000d5b80000,0x00000000d633edf0,0x00000000ddd00000)
  from space 10752K, 92% used [0x00000000de800000,0x00000000df1bd968,0x00000000df280000)
  to   space 11264K, 0% used [0x00000000ddd00000,0x00000000ddd00000,0x00000000de800000)
 ParOldGen       total 87552K, used 12789K [0x0000000081200000, 0x0000000086780000, 0x00000000d5b80000)
  object space 87552K, 14% used [0x0000000081200000,0x0000000081e7d5b8,0x0000000086780000)
 Metaspace       used 20627K, capacity 21128K, committed 21296K, reserved 1069056K
  class space    used 2388K, capacity 2564K, committed 2608K, reserved 1048576K
Event: 6.939 GC heap after
Heap after GC invocations=7 (full 0):
 PSYoungGen      total 143872K, used 6999K [0x00000000d5b80000, 0x00000000e7480000, 0x0000000100000000)
  eden space 132608K, 0% used [0x00000000d5b80000,0x00000000d5b80000,0x00000000ddd00000)
  from space 11264K, 62% used [0x00000000ddd00000,0x00000000de3d5f60,0x00000000de800000)
  to   space 11264K, 0% used [0x00000000e6980000,0x00000000e6980000,0x00000000e7480000)
 ParOldGen       total 87552K, used 14457K [0x0000000081200000, 0x0000000086780000, 0x00000000d5b80000)
  object space 87552K, 16% used [0x0000000081200000,0x000000008201e498,0x0000000086780000)
 Metaspace       used 20627K, capacity 21128K, committed 21296K, reserved 1069056K
  class space    used 2388K, capacity 2564K, committed 2608K, reserved 1048576K
}
Event: 6.939 GC heap before
{Heap before GC invocations=8 (full 1):
 PSYoungGen      total 143872K, used 6999K [0x00000000d5b80000, 0x00000000e7480000, 0x0000000100000000)
  eden space 132608K, 0% used [0x00000000d5b80000,0x00000000d5b80000,0x00000000ddd00000)
  from space 11264K, 62% used [0x00000000ddd00000,0x00000000de3d5f60,0x00000000de800000)
  to   space 11264K, 0% used [0x00000000e6980000,0x00000000e6980000,0x00000000e7480000)
 ParOldGen       total 87552K, used 14457K [0x0000000081200000, 0x0000000086780000, 0x00000000d5b80000)
  object space 87552K, 16% used [0x0000000081200000,0x000000008201e498,0x0000000086780000)
 Metaspace       used 20627K, capacity 21128K, committed 21296K, reserved 1069056K
  class space    used 2388K, capacity 2564K, committed 2608K, reserved 1048576K
Event: 7.029 GC heap after
Heap after GC invocations=8 (full 1):
 PSYoungGen      total 143872K, used 0K [0x00000000d5b80000, 0x00000000e7480000, 0x0000000100000000)
  eden space 132608K, 0% used [0x00000000d5b80000,0x00000000d5b80000,0x00000000ddd00000)
  from space 11264K, 0% used [0x00000000ddd00000,0x00000000ddd00000,0x00000000de800000)
  to   space 11264K, 0% used [0x00000000e6980000,0x00000000e6980000,0x00000000e7480000)
 ParOldGen       total 60928K, used 14304K [0x0000000081200000, 0x0000000084d80000, 0x00000000d5b80000)
  object space 60928K, 23% used [0x0000000081200000,0x0000000081ff8298,0x0000000084d80000)
 Metaspace       used 20627K, capacity 21128K, committed 21296K, reserved 1069056K
  class space    used 2388K, capacity 2564K, committed 2608K, reserved 1048576K
}
Event: 8.463 GC heap before
{Heap before GC invocations=9 (full 1):
 PSYoungGen      total 143872K, used 132608K [0x00000000d5b80000, 0x00000000e7480000, 0x0000000100000000)
  eden space 132608K, 100% used [0x00000000d5b80000,0x00000000ddd00000,0x00000000ddd00000)
  from space 11264K, 0% used [0x00000000ddd00000,0x00000000ddd00000,0x00000000de800000)
  to   space 11264K, 0% used [0x00000000e6980000,0x00000000e6980000,0x00000000e7480000)
 ParOldGen       total 60928K, used 14344K [0x0000000081200000, 0x0000000084d80000, 0x00000000d5b80000)
  object space 60928K, 23% used [0x0000000081200000,0x0000000082002370,0x0000000084d80000)
 Metaspace       used 23171K, capacity 23892K, committed 24240K, reserved 1071104K
  class space    used 2683K, capacity 2881K, committed 2992K, reserved 1048576K
Event: 8.521 GC heap after
Heap after GC invocations=9 (full 1):
 PSYoungGen      total 244736K, used 11252K [0x00000000d5b80000, 0x00000000e7480000, 0x0000000100000000)
  eden space 233472K, 0% used [0x00000000d5b80000,0x00000000d5b80000,0x00000000e3f80000)
  from space 11264K, 99% used [0x00000000e6980000,0x00000000e747d138,0x00000000e7480000)
  to   space 22016K, 0% used [0x00000000e4980000,0x00000000e4980000,0x00000000e5f00000)
 ParOldGen       total 60928K, used 36065K [0x0000000081200000, 0x0000000084d80000, 0x00000000d5b80000)
  object space 60928K, 59% used [0x0000000081200000,0x0000000083538600,0x0000000084d80000)
 Metaspace       used 23171K, capacity 23892K, committed 24240K, reserved 1071104K
  class space    used 2683K, capacity 2881K, committed 2992K, reserved 1048576K
}
Event: 11.416 GC heap before
{Heap before GC invocations=10 (full 1):
 PSYoungGen      total 244736K, used 243071K [0x00000000d5b80000, 0x00000000e7480000, 0x0000000100000000)
  eden space 233472K, 99% used [0x00000000d5b80000,0x00000000e3de2b30,0x00000000e3f80000)
  from space 11264K, 99% used [0x00000000e6980000,0x00000000e747d138,0x00000000e7480000)
  to   space 22016K, 0% used [0x00000000e4980000,0x00000000e4980000,0x00000000e5f00000)
 ParOldGen       total 60928K, used 36065K [0x0000000081200000, 0x0000000084d80000, 0x00000000d5b80000)
  object space 60928K, 59% used [0x0000000081200000,0x0000000083538600,0x0000000084d80000)
 Metaspace       used 34336K, capacity 35334K, committed 35496K, reserved 1081344K
  class space    used 4181K, capacity 4435K, committed 4520K, reserved 1048576K
Event: 11.474 GC heap after
Heap after GC invocations=10 (full 1):
 PSYoungGen      total 265728K, used 22002K [0x00000000d5b80000, 0x00000000ee500000, 0x0000000100000000)
  eden space 243712K, 0% used [0x00000000d5b80000,0x00000000d5b80000,0x00000000e4980000)
  from space 22016K, 99% used [0x00000000e4980000,0x00000000e5efcb60,0x00000000e5f00000)
  to   space 33280K, 0% used [0x00000000ec480000,0x00000000ec480000,0x00000000ee500000)
 ParOldGen       total 60928K, used 56414K [0x0000000081200000, 0x0000000084d80000, 0x00000000d5b80000)
  object space 60928K, 92% used [0x0000000081200000,0x00000000849178b8,0x0000000084d80000)
 Metaspace       used 34336K, capacity 35334K, committed 35496K, reserved 1081344K
  class space    used 4181K, capacity 4435K, committed 4520K, reserved 1048576K
}
Event: 11.474 GC heap before
{Heap before GC invocations=11 (full 2):
 PSYoungGen      total 265728K, used 22002K [0x00000000d5b80000, 0x00000000ee500000, 0x0000000100000000)
  eden space 243712K, 0% used [0x00000000d5b80000,0x00000000d5b80000,0x00000000e4980000)
  from space 22016K, 99% used [0x00000000e4980000,0x00000000e5efcb60,0x00000000e5f00000)
  to   space 33280K, 0% used [0x00000000ec480000,0x00000000ec480000,0x00000000ee500000)
 ParOldGen       total 60928K, used 56414K [0x0000000081200000, 0x0000000084d80000, 0x00000000d5b80000)
  object space 60928K, 92% used [0x0000000081200000,0x00000000849178b8,0x0000000084d80000)
 Metaspace       used 34336K, capacity 35334K, committed 35496K, reserved 1081344K
  class space    used 4181K, capacity 4435K, committed 4520K, reserved 1048576K
Event: 11.565 GC heap after
Heap after GC invocations=11 (full 2):
 PSYoungGen      total 265728K, used 0K [0x00000000d5b80000, 0x00000000ee500000, 0x0000000100000000)
  eden space 243712K, 0% used [0x00000000d5b80000,0x00000000d5b80000,0x00000000e4980000)
  from space 22016K, 0% used [0x00000000e4980000,0x00000000e4980000,0x00000000e5f00000)
  to   space 33280K, 0% used [0x00000000ec480000,0x00000000ec480000,0x00000000ee500000)
 ParOldGen       total 128000K, used 54372K [0x0000000081200000, 0x0000000088f00000, 0x00000000d5b80000)
  object space 128000K, 42% used [0x0000000081200000,0x0000000084719330,0x0000000088f00000)
 Metaspace       used 34274K, capacity 35156K, committed 35496K, reserved 1081344K
  class space    used 4158K, capacity 4396K, committed 4520K, reserved 1048576K
}

Deoptimization events (10 events):
Event: 11.904 Thread 0x0000000000e0d800 Uncommon trap: reason=unstable_if action=reinterpret pc=0x0000000003aafff8 method=org.springframework.util.ConcurrentReferenceHashMap$Segment.restructureIfNecessary(Z)V @ 15
Event: 12.114 Thread 0x0000000000e0d800 Uncommon trap: reason=unstable_if action=reinterpret pc=0x0000000002db8a04 method=java.net.URL.<init>(Ljava/net/URL;Ljava/lang/String;Ljava/net/URLStreamHandler;)V @ 347
Event: 12.184 Thread 0x0000000000e0d800 Uncommon trap: reason=class_check action=maybe_recompile pc=0x0000000003428980 method=java.util.Collections$UnmodifiableMap.size()I @ 4
Event: 12.184 Thread 0x0000000000e0d800 Uncommon trap: reason=class_check action=maybe_recompile pc=0x0000000003428980 method=java.util.Collections$UnmodifiableMap.size()I @ 4
Event: 12.192 Thread 0x0000000000e0d800 Uncommon trap: reason=null_check action=make_not_entrant pc=0x0000000003c0d894 method=org.springframework.core.annotation.AnnotatedElementUtils.searchWithGetSemanticsInAnnotations(Ljava/lang/reflect/AnnotatedElement;Ljava/util/List;Ljava/lang/Class;Ljava/l≥UìÒ9e(@
Event: 12.198 Thread 0x0000000000e0d800 Uncommon trap: reason=bimorphic action=maybe_recompile pc=0x00000000034c052c method=java.util.WeakHashMap.eq(Ljava/lang/Object;Ljava/lang/Object;)Z @ 7
Event: 12.383 Thread 0x0000000000e0d800 Uncommon trap: reason=class_check action=maybe_recompile pc=0x0000000003428980 method=java.util.Collections$UnmodifiableMap.size()I @ 4
Event: 13.235 Thread 0x0000000000e0d800 Uncommon trap: reason=array_check action=maybe_recompile pc=0x0000000003cc230c method=sun.reflect.annotation.AnnotationParser.parseEnumArray(ILjava/lang/Class;Ljava/nio/ByteBuffer;Lsun/reflect/ConstantPool;Ljava/lang/Class;)Ljava/lang/Object; @ 53
Event: 13.674 Thread 0x0000000000e0d800 Uncommon trap: reason=predicate action=maybe_recompile pc=0x0000000003cf6f50 method=java.util.LinkedList.indexOf(Ljava/lang/Object;)I @ 47
Event: 13.702 Thread 0x0000000000e0d800 Uncommon trap: reason=unstable_if action=reinterpret pc=0x000000000354c3e0 method=java.util.HashMap.putMapEntries(Ljava/util/Map;Z)V @ 53

Internal exceptions (10 events):
Event: 13.698 Thread 0x0000000000e0d800 Exception <a 'java/lang/ClassNotFoundException': org/springframework/web/servlet/theme/FixedThemeResolverCustomizer> (0x00000000df323d40) thrown at [C:\workspace\8-2-build-windows-amd64-cygwin\jdk8u65\4987\hotspot\src\share\vm\classfile\systemDictionary.cp%P∞†f+@
Event: 13.700 Thread 0x0000000000e0d800 Exception <a 'java/lang/ClassNotFoundException': org/springframework/web/servlet/ThemeResolverCustomizer> (0x00000000df34a068) thrown at [C:\workspace\8-2-build-windows-amd64-cygwin\jdk8u65\4987\hotspot\src\share\vm\classfile\systemDictionary.cpp, line 210ëÂn!Ÿi+@
Event: 13.707 Thread 0x0000000000e0d800 Exception <a 'java/lang/ClassNotFoundException': org/springframework/web/servlet/view/DefaultRequestToViewNameTranslatorBeanInfo> (0x00000000df39a178) thrown at [C:\workspace\8-2-build-windows-amd64-cygwin\jdk8u65\4987\hotspot\src\share\vm\classfile\systemxer≈ k+@
Event: 13.709 Thread 0x0000000000e0d800 Exception <a 'java/lang/ClassNotFoundException': org/springframework/web/servlet/view/DefaultRequestToViewNameTranslatorCustomizer> (0x00000000df3c5070) thrown at [C:\workspace\8-2-build-windows-amd64-cygwin\jdk8u65\4987\hotspot\src\share\vm\classfile\syst
Event: 13.711 Thread 0x0000000000e0d800 Exception <a 'java/lang/ClassNotFoundException': org/springframework/web/servlet/RequestToViewNameTranslatorCustomizer> (0x00000000df3fe360) thrown at [C:\workspace\8-2-build-windows-amd64-cygwin\jdk8u65\4987\hotspot\src\share\vm\classfile\systemDictionaryz'6zp+@
Event: 13.720 Thread 0x0000000000e0d800 Exception <a 'java/lang/ClassNotFoundException': org/springframework/web/servlet/support/SessionFlashMapManagerBeanInfo> (0x00000000df46d130) thrown at [C:\workspace\8-2-build-windows-amd64-cygwin\jdk8u65\4987\hotspot\src\share\vm\classfile\systemDictionarª–Óq+@
Event: 13.721 Thread 0x0000000000e0d800 Exception <a 'java/lang/ClassNotFoundException': org/springframework/web/servlet/support/AbstractFlashMapManagerBeanInfo> (0x00000000df494de8) thrown at [C:\workspace\8-2-build-windows-amd64-cygwin\jdk8u65\4987\hotspot\src\share\vm\classfile\systemDictiona@SeŒq+@
Event: 13.722 Thread 0x0000000000e0d800 Exception <a 'java/lang/ClassNotFoundException': org/springframework/web/servlet/support/AbstractFlashMapManagerCustomizer> (0x00000000df4bd400) thrown at [C:\workspace\8-2-build-windows-amd64-cygwin\jdk8u65\4987\hotspot\src\share\vm\classfile\systemDictio–ë¶ã^s+@
Event: 13.725 Thread 0x0000000000e0d800 Exception <a 'java/lang/ClassNotFoundException': org/springframework/web/servlet/support/SessionFlashMapManagerCustomizer> (0x00000000df4ed6a0) thrown at [C:\workspace\8-2-build-windows-amd64-cygwin\jdk8u65\4987\hotspot\src\share\vm\classfile\systemDiction¢hyyït+@
Event: 13.728 Thread 0x0000000000e0d800 Exception <a 'java/lang/ClassNotFoundException': org/springframework/web/servlet/FlashMapManagerCustomizer> (0x00000000df513830) thrown at [C:\workspace\8-2-build-windows-amd64-cygwin\jdk8u65\4987\hotspot\src\share\vm\classfile\systemDictionary.cpp, line 2
ºìOèe+@

Events (10 events):
Event: 13.838 loading class org/eclipse/jetty/util/thread/strategy/EatWhatYouKill$1
Event: 13.838 loading class org/eclipse/jetty/util/thread/strategy/EatWhatYouKill$1 done
Event: 13.839 loading class java/nio/channels/spi/AbstractSelector$1
Event: 13.840 loading class java/nio/channels/spi/AbstractSelector$1 done
Event: 13.840 Executing VM operation: Deoptimize
Event: 13.841 Executing VM operation: Deoptimize done
Event: 13.845 loading class org/eclipse/jetty/server/AbstractConnector$Acceptor
Event: 13.845 loading class org/eclipse/jetty/server/AbstractConnector$Acceptor done
Event: 13.845 loading class org/eclipse/jetty/server/AbstractConnector$Acceptor
Event: 13.845 loading class org/eclipse/jetty/server/AbstractConnector$Acceptor done


Dynamic libraries:
0x00007ff77ff70000 - 0x00007ff77ffa7000 	C:\Program Files\Java\jdk1.8.0_65\bin\javaw.exe
0x00007ffed20e0000 - 0x00007ffed22c1000 	C:\WINDOWS\SYSTEM32\ntdll.dll
0x00007ffecfd60000 - 0x00007ffecfe12000 	C:\WINDOWS\System32\KERNEL32.DLL
0x00007ffecee00000 - 0x00007ffecf073000 	C:\WINDOWS\System32\KERNELBASE.dll
0x00007ffecf5a0000 - 0x00007ffecf641000 	C:\WINDOWS\System32\ADVAPI32.dll
0x00007ffecf910000 - 0x00007ffecf9ae000 	C:\WINDOWS\System32\msvcrt.dll
0x00007ffecf650000 - 0x00007ffecf6ab000 	C:\WINDOWS\System32\sechost.dll
0x00007ffed03c0000 - 0x00007ffed04e4000 	C:\WINDOWS\System32\RPCRT4.dll
0x00007ffed1940000 - 0x00007ffed1ad0000 	C:\WINDOWS\System32\USER32.dll
0x00007ffecf3b0000 - 0x00007ffecf3d0000 	C:\WINDOWS\System32\win32u.dll
0x00007ffecf8e0000 - 0x00007ffecf908000 	C:\WINDOWS\System32\GDI32.dll
0x00007ffecf3d0000 - 0x00007ffecf562000 	C:\WINDOWS\System32\gdi32full.dll
0x00007ffecf2b0000 - 0x00007ffecf34f000 	C:\WINDOWS\System32\msvcp_win.dll
0x00007ffecf1b0000 - 0x00007ffecf2aa000 	C:\WINDOWS\System32\ucrtbase.dll
0x00007ffeb8780000 - 0x00007ffeb89e9000 	C:\WINDOWS\WinSxS\amd64_microsoft.windows.common-controls_6595b64144ccf1df_6.0.17134.472_none_fb3f9af53068156d\COMCTL32.dll
0x00007ffecf9b0000 - 0x00007ffecfcd2000 	C:\WINDOWS\System32\combase.dll
0x00007ffecf080000 - 0x00007ffecf0fa000 	C:\WINDOWS\System32\bcryptPrimitives.dll
0x00007ffecf570000 - 0x00007ffecf59d000 	C:\WINDOWS\System32\IMM32.DLL
0x0000000052560000 - 0x0000000052632000 	C:\Program Files\Java\jdk1.8.0_65\jre\bin\msvcr100.dll
0x0000000051600000 - 0x0000000051e89000 	C:\Program Files\Java\jdk1.8.0_65\jre\bin\server\jvm.dll
0x00007ffecff60000 - 0x00007ffecff68000 	C:\WINDOWS\System32\PSAPI.DLL
0x00007ffecbbb0000 - 0x00007ffecbbd3000 	C:\WINDOWS\SYSTEM32\WINMM.dll
0x00007ffecc510000 - 0x00007ffecc519000 	C:\WINDOWS\SYSTEM32\WSOCK32.dll
0x00007ffec2d90000 - 0x00007ffec2d9a000 	C:\WINDOWS\SYSTEM32\VERSION.dll
0x00007ffecfed0000 - 0x00007ffecff3c000 	C:\WINDOWS\System32\WS2_32.dll
0x00007ffecbb80000 - 0x00007ffecbbaa000 	C:\WINDOWS\SYSTEM32\winmmbase.dll
0x00007ffece4b0000 - 0x00007ffece4f9000 	C:\WINDOWS\System32\cfgmgr32.dll
0x0000000052730000 - 0x000000005273f000 	C:\Program Files\Java\jdk1.8.0_65\jre\bin\verify.dll
0x00000000526a0000 - 0x00000000526c9000 	C:\Program Files\Java\jdk1.8.0_65\jre\bin\java.dll
0x0000000052680000 - 0x0000000052696000 	C:\Program Files\Java\jdk1.8.0_65\jre\bin\zip.dll
0x00007ffed04f0000 - 0x00007ffed1930000 	C:\WINDOWS\System32\SHELL32.dll
0x00007ffecfe20000 - 0x00007ffecfec9000 	C:\WINDOWS\System32\shcore.dll
0x00007ffece500000 - 0x00007ffecec0d000 	C:\WINDOWS\System32\windows.storage.dll
0x00007ffed1db0000 - 0x00007ffed1e01000 	C:\WINDOWS\System32\shlwapi.dll
0x00007ffece460000 - 0x00007ffece471000 	C:\WINDOWS\System32\kernel.appcore.dll
0x00007ffece490000 - 0x00007ffece4af000 	C:\WINDOWS\System32\profapi.dll
0x00007ffece3f0000 - 0x00007ffece43c000 	C:\WINDOWS\System32\powrprof.dll
0x00007ffece480000 - 0x00007ffece48a000 	C:\WINDOWS\System32\FLTLIB.DLL
0x00007ffece170000 - 0x00007ffece187000 	C:\WINDOWS\SYSTEM32\CRYPTSP.dll
0x00007ffecd810000 - 0x00007ffecd843000 	C:\WINDOWS\system32\rsaenh.dll
0x00007ffecdf80000 - 0x00007ffecdfa5000 	C:\WINDOWS\SYSTEM32\bcrypt.dll
0x00007ffece2f0000 - 0x00007ffece318000 	C:\WINDOWS\SYSTEM32\USERENV.dll
0x00007ffecdd80000 - 0x00007ffecdd8b000 	C:\WINDOWS\SYSTEM32\CRYPTBASE.dll
0x0000000052660000 - 0x000000005267a000 	C:\Program Files\Java\jdk1.8.0_65\jre\bin\net.dll
0x00007ffecdc20000 - 0x00007ffecdc86000 	C:\WINDOWS\system32\mswsock.dll
0x00007ffecd9b0000 - 0x00007ffecd9e8000 	C:\WINDOWS\SYSTEM32\IPHLPAPI.DLL
0x00007ffecf8d0000 - 0x00007ffecf8d8000 	C:\WINDOWS\System32\NSI.dll
0x00007ffec75b0000 - 0x00007ffec75c6000 	C:\WINDOWS\SYSTEM32\dhcpcsvc6.DLL
0x00007ffec7590000 - 0x00007ffec75aa000 	C:\WINDOWS\SYSTEM32\dhcpcsvc.DLL
0x0000000052640000 - 0x0000000052651000 	C:\Program Files\Java\jdk1.8.0_65\jre\bin\nio.dll
0x00007ffec9360000 - 0x00007ffec936a000 	C:\Users\Woo-Young\AppData\Local\Temp\jansi-1.17-1157335415445688017.dll
0x00007ffec8aa0000 - 0x00007ffec8aaa000 	C:\Users\Woo-Young\AppData\Local\Temp\jansi-1.17-6741262666803826625.dll
0x0000000052550000 - 0x000000005255d000 	C:\Program Files\Java\jdk1.8.0_65\jre\bin\management.dll
0x00007ffea9350000 - 0x00007ffea9366000 	C:\WINDOWS\system32\napinsp.dll
0x00007ffea66f0000 - 0x00007ffea670a000 	C:\WINDOWS\system32\pnrpnsp.dll
0x00007ffeca2e0000 - 0x00007ffeca2f9000 	C:\WINDOWS\system32\NLAapi.dll
0x00007ffecd9f0000 - 0x00007ffecdaae000 	C:\WINDOWS\SYSTEM32\DNSAPI.dll
0x00007ffebce80000 - 0x00007ffebce8e000 	C:\WINDOWS\System32\winrnr.dll
0x00007ffea2970000 - 0x00007ffea2985000 	C:\WINDOWS\System32\wshbth.dll
0x00007ffec5a70000 - 0x00007ffec5a7a000 	C:\Windows\System32\rasadhlp.dll
0x00007ffec7be0000 - 0x00007ffec7c52000 	C:\WINDOWS\System32\fwpuclnt.dll

VM Arguments:
jvm_args: -Dmaven.home=EMBEDDED -Dclassworlds.conf=D:\PROJECT\springbootworkspace\.metadata\.plugins\org.eclipse.m2e.launching\launches\m2conf3211045569917618579.tmp -Dmaven.multiModuleProjectDirectory=D:\PROJECT\springbootworkspace\spring-mvc-showcase -Dfile.encoding=MS949 
java_command: org.codehaus.plexus.classworlds.launcher.Launcher -Ppom.xml -B jetty:run
java_class_path (initial): D:\ProgramFiles\sts-4.1.0\plugins\org.eclipse.m2e.maven.runtime_1.10.0.20181127-2120\jars\plexus-classworlds-2.5.2.jar
Launcher Type: SUN_STANDARD

Environment Variables:
JAVA_HOME=C:\Program Files\Java\jdk1.8.0_65
PATH=C:/Program Files/Java/jdk1.8.0_65/jre/bin/server;C:/Program Files/Java/jdk1.8.0_65/jre/bin;C:/Program Files/Java/jdk1.8.0_65/jre/lib/amd64;C:\Program Files\Docker\Docker\Resources\bin;C:\Program Files (x86)\Common Files\Oracle\Java\javapath;C:\Program Files\Java\jdk1.8.0_65bin;C:\ProgramData\Oracle\Java\javapath;C:\WINDOWS\system32;C:\WINDOWS;C:\WINDOWS\System32\Wbem;C:\WINDOWS\System32\WindowsPowerShell\v1.0\;C:\Program Files\TortoiseSVN\bin;C:\Program Files\Git\cmd;C:\ProgramData\Anaconda3;C:\ProgramData\Anaconda3\Scripts;;C:\WINDOWS\System32\OpenSSH\;C:\Program Files\Microsoft VS Code\bin;C:\Users\Woo-Young\AppData\Local\Microsoft\WindowsApps;;C:\Program Files\Microsoft VS Code\bin;D:\ProgramFiles\sts-4.1.0;
USERNAME=Woo-Young
OS=Windows_NT
PROCESSOR_IDENTIFIER=Intel64 Family 6 Model 70 Stepping 1, GenuineIntel



---------------  S Y S T E M  ---------------

OS: Windows 10.0 , 64 bit Build 17134 (10.0.17134.1)

CPU:total 8 (4 cores per cpu, 2 threads per core) family 6 model 70 stepping 1, cmov, cx8, fxsr, mmx, sse, sse2, sse3, ssse3, sse4.1, sse4.2, popcnt, avx, avx2, aes, clmul, erms, lzcnt, ht, tsc, tscinvbit, bmi1, bmi2

Memory: 4k page, physical 8306988k(3158372k free), swap 33472812k(7796k free)

vm_info: Java HotSpot(TM) 64-Bit Server VM (25.65-b01) for windows-amd64 JRE (1.8.0_65-b17), built on Oct  6 2015 16:39:20 by "java_re" with MS VC++ 10.0 (VS2010)

time: Sat Jan 12 23:14:33 2019
elapsed time: 13 seconds (0d 0h 0m 13s)

