#
# There is insufficient memory for the Java Runtime Environment to continue.
# Native memory allocation (malloc) failed to allocate 1608176 bytes for Chunk::new
# Possible reasons:
#   The system is out of physical RAM or swap space
#   In 32 bit mode, the process size limit was hit
# Possible solutions:
#   Reduce memory load on the system
#   Increase physical memory or swap space
#   Check if swap backing store is full
#   Use 64 bit Java on a 64 bit OS
#   Decrease Java heap size (-Xmx/-Xms)
#   Decrease number of Java threads
#   Decrease Java thread stack sizes (-Xss)
#   Set larger code cache with -XX:ReservedCodeCacheSize=
# This output file may be truncated or incomplete.
#
#  Out of Memory Error (allocation.cpp:390), pid=22880, tid=31248
#
# JRE version: Java(TM) SE Runtime Environment (8.0_65-b17) (build 1.8.0_65-b17)
# Java VM: Java HotSpot(TM) 64-Bit Server VM (25.65-b01 mixed mode windows-amd64 compressed oops)
# Failed to write core dump. Minidumps are not enabled by default on client versions of Windows
#

---------------  T H R E A D  ---------------

Current thread (0x000000001a27d000):  JavaThread "C2 CompilerThread2" daemon [_thread_in_native, id=31248, stack(0x000000001a9f0000,0x000000001aaf0000)]

Stack: [0x000000001a9f0000,0x000000001aaf0000]
[error occurred during error reporting (printing stack bounds), id 0xc0000005]

Native frames: (J=compiled Java code, j=interpreted, Vv=VM code, C=native code)


Current CompileTask:
C2:   4409 1730   !   4       java.net.URLClassLoader$1::run (63 bytes)


---------------  P R O C E S S  ---------------

Java Threads: ( => current thread )
  0x000000001a31a000 JavaThread "Service Thread" daemon [_thread_blocked, id=26604, stack(0x000000001abf0000,0x000000001acf0000)]
  0x000000001a28b000 JavaThread "C1 CompilerThread3" daemon [_thread_blocked, id=9140, stack(0x000000001aaf0000,0x000000001abf0000)]
=>0x000000001a27d000 JavaThread "C2 CompilerThread2" daemon [_thread_in_native, id=31248, stack(0x000000001a9f0000,0x000000001aaf0000)]
  0x000000001a27b000 JavaThread "C2 CompilerThread1" daemon [_thread_in_native, id=9928, stack(0x000000001a8f0000,0x000000001a9f0000)]
  0x000000001a279000 JavaThread "C2 CompilerThread0" daemon [_thread_in_native, id=27164, stack(0x000000001a7f0000,0x000000001a8f0000)]
  0x000000001a225000 JavaThread "Attach Listener" daemon [_thread_blocked, id=23748, stack(0x000000001a6f0000,0x000000001a7f0000)]
  0x000000001a278800 JavaThread "Signal Dispatcher" daemon [_thread_blocked, id=28632, stack(0x000000001a5f0000,0x000000001a6f0000)]
  0x000000000319b000 JavaThread "Finalizer" daemon [_thread_blocked, id=22960, stack(0x000000001a060000,0x000000001a160000)]
  0x000000001816d000 JavaThread "Reference Handler" daemon [_thread_blocked, id=4128, stack(0x0000000019f60000,0x000000001a060000)]
  0x0000000002bfd800 JavaThread "main" [_thread_in_native, id=12632, stack(0x0000000002fa0000,0x00000000030a0000)]

Other Threads:
  0x0000000018168800 VMThread [stack: 0x0000000019e60000,0x0000000019f60000] [id=22712]
  0x000000001a387800 WatcherThread [stack: 0x000000001acf0000,0x000000001adf0000] [id=28164]

VM state:not at safepoint (normal execution)

VM Mutex/Monitor currently owned by a thread: None

Heap:
 PSYoungGen      total 38400K, used 30294K [0x00000000d5b80000, 0x00000000d8600000, 0x0000000100000000)
  eden space 33280K, 75% used [0x00000000d5b80000,0x00000000d74193b8,0x00000000d7c00000)
  from space 5120K, 99% used [0x00000000d8100000,0x00000000d85fc530,0x00000000d8600000)
  to   space 5120K, 0% used [0x00000000d7c00000,0x00000000d7c00000,0x00000000d8100000)
 ParOldGen       total 87552K, used 2858K [0x0000000081200000, 0x0000000086780000, 0x00000000d5b80000)
  object space 87552K, 3% used [0x0000000081200000,0x00000000814ca8c8,0x0000000086780000)
 Metaspace       used 15172K, capacity 15442K, committed 15616K, reserved 1062912K
  class space    used 1849K, capacity 1941K, committed 2048K, reserved 1048576K

Card table byte_map: [0x0000000012560000,0x0000000012960000] byte_map_base: 0x0000000012157000

Marking Bits: (ParMarkBitMap*) 0x0000000051e0a5b0
 Begin Bits: [0x0000000013410000, 0x00000000153c8000)
 End Bits:   [0x00000000153c8000, 0x0000000017380000)

Polling page: 0x00000000013a0000

CodeCache: size=245760Kb used=6427Kb max_used=6427Kb free=239332Kb
 bounds [0x00000000031a0000, 0x00000000037f0000, 0x00000000121a0000]
 total_blobs=2163 nmethods=1796 adapters=279
 compilation: enabled

Compilation events (10 events):
Event: 4.373 Thread 0x000000001a28b000 nmethod 1780 0x00000000037d3810 code [0x00000000037d39a0, 0x00000000037d3d78]
Event: 4.373 Thread 0x000000001a28b000 1781       3       org.apache.maven.model.merge.ModelMerger::mergePlugin_GroupId (41 bytes)
Event: 4.374 Thread 0x000000001a28b000 nmethod 1781 0x00000000037d3e90 code [0x00000000037d4080, 0x00000000037d4a98]
Event: 4.374 Thread 0x000000001a28b000 1783       3       org.apache.maven.model.merge.MavenModelMerger::mergePlugin_Executions (235 bytes)
Event: 4.376 Thread 0x000000001a27b000 nmethod 1708 0x00000000037d4f50 code [0x00000000037d51e0, 0x00000000037d75e0]
Event: 4.376 Thread 0x000000001a27b000 1739       4       org.codehaus.plexus.util.xml.pull.MXParser::nextImpl (1202 bytes)
Event: 4.379 Thread 0x000000001a28b000 nmethod 1783 0x00000000037d9410 code [0x00000000037d9860, 0x00000000037dc408]
Event: 4.379 Thread 0x000000001a28b000 1784       3       org.apache.maven.model.Plugin::getDependencies (23 bytes)
Event: 4.380 Thread 0x000000001a28b000 nmethod 1784 0x00000000037ce1d0 code [0x00000000037ce340, 0x00000000037ce6d0]
Event: 4.380 Thread 0x000000001a28b000 1782       3       org.apache.maven.model.merge.ModelMerger::mergePlugin_ArtifactId (41 bytes)

GC Heap History (4 events):
Event: 2.444 GC heap before
{Heap before GC invocations=1 (full 0):
 PSYoungGen      total 38400K, used 33280K [0x00000000d5b80000, 0x00000000d8600000, 0x0000000100000000)
  eden space 33280K, 100% used [0x00000000d5b80000,0x00000000d7c00000,0x00000000d7c00000)
  from space 5120K, 0% used [0x00000000d8100000,0x00000000d8100000,0x00000000d8600000)
  to   space 5120K, 0% used [0x00000000d7c00000,0x00000000d7c00000,0x00000000d8100000)
 ParOldGen       total 87552K, used 0K [0x0000000081200000, 0x0000000086780000, 0x00000000d5b80000)
  object space 87552K, 0% used [0x0000000081200000,0x0000000081200000,0x0000000086780000)
 Metaspace       used 8608K, capacity 8824K, committed 9088K, reserved 1056768K
  class space    used 1053K, capacity 1116K, committed 1152K, reserved 1048576K
Event: 2.453 GC heap after
Heap after GC invocations=1 (full 0):
 PSYoungGen      total 38400K, used 5118K [0x00000000d5b80000, 0x00000000d8600000, 0x0000000100000000)
  eden space 33280K, 0% used [0x00000000d5b80000,0x00000000d5b80000,0x00000000d7c00000)
  from space 5120K, 99% used [0x00000000d7c00000,0x00000000d80ffac8,0x00000000d8100000)
  to   space 5120K, 0% used [0x00000000d8100000,0x00000000d8100000,0x00000000d8600000)
 ParOldGen       total 87552K, used 324K [0x0000000081200000, 0x0000000086780000, 0x00000000d5b80000)
  object space 87552K, 0% used [0x0000000081200000,0x00000000812512b0,0x0000000086780000)
 Metaspace       used 8608K, capacity 8824K, committed 9088K, reserved 1056768K
  class space    used 1053K, capacity 1116K, committed 1152K, reserved 1048576K
}
Event: 3.164 GC heap before
{Heap before GC invocations=2 (full 0):
 PSYoungGen      total 38400K, used 38398K [0x00000000d5b80000, 0x00000000d8600000, 0x0000000100000000)
  eden space 33280K, 100% used [0x00000000d5b80000,0x00000000d7c00000,0x00000000d7c00000)
  from space 5120K, 99% used [0x00000000d7c00000,0x00000000d80ffac8,0x00000000d8100000)
  to   space 5120K, 0% used [0x00000000d8100000,0x00000000d8100000,0x00000000d8600000)
 ParOldGen       total 87552K, used 324K [0x0000000081200000, 0x0000000086780000, 0x00000000d5b80000)
  object space 87552K, 0% used [0x0000000081200000,0x00000000812512b0,0x0000000086780000)
 Metaspace       used 12413K, capacity 12612K, committed 12672K, reserved 1060864K
  class space    used 1543K, capacity 1608K, committed 1664K, reserved 1048576K
Event: 3.176 GC heap after
Heap after GC invocations=2 (full 0):
 PSYoungGen      total 38400K, used 5105K [0x00000000d5b80000, 0x00000000d8600000, 0x0000000100000000)
  eden space 33280K, 0% used [0x00000000d5b80000,0x00000000d5b80000,0x00000000d7c00000)
  from space 5120K, 99% used [0x00000000d8100000,0x00000000d85fc530,0x00000000d8600000)
  to   space 5120K, 0% used [0x00000000d7c00000,0x00000000d7c00000,0x00000000d8100000)
 ParOldGen       total 87552K, used 2858K [0x0000000081200000, 0x0000000086780000, 0x00000000d5b80000)
  object space 87552K, 3% used [0x0000000081200000,0x00000000814ca8c8,0x0000000086780000)
 Metaspace       used 12413K, capacity 12612K, committed 12672K, reserved 1060864K
  class space    used 1543K, capacity 1608K, committed 1664K, reserved 1048576K
}

Deoptimization events (10 events):
Event: 3.361 Thread 0x0000000002bfd800 Uncommon trap: reason=bimorphic action=maybe_recompile pc=0x00000000034da5a4 method=java.util.HashMap.putVal(ILjava/lang/Object;Ljava/lang/Object;ZZ)Ljava/lang/Object; @ 203
Event: 3.881 Thread 0x0000000002bfd800 Uncommon trap: reason=unstable_if action=reinterpret pc=0x000000000344a4a4 method=sun.nio.cs.UTF_8$Decoder.decodeArrayLoop(Ljava/nio/ByteBuffer;Ljava/nio/CharBuffer;)Ljava/nio/charset/CoderResult; @ 84
Event: 3.882 Thread 0x0000000002bfd800 Uncommon trap: reason=unstable_if action=reinterpret pc=0x00000000036da3e8 method=org.codehaus.plexus.util.xml.pull.MXParser.isS(C)Z @ 21
Event: 3.882 Thread 0x0000000002bfd800 Uncommon trap: reason=unstable_if action=reinterpret pc=0x0000000003449c28 method=org.codehaus.plexus.util.xml.pull.MXParser.isS(C)Z @ 21
Event: 3.883 Thread 0x0000000002bfd800 Uncommon trap: reason=unstable_if action=reinterpret pc=0x00000000036bd0bc method=org.codehaus.plexus.util.xml.pull.MXParser.isS(C)Z @ 21
Event: 4.010 Thread 0x0000000002bfd800 Uncommon trap: reason=unstable_if action=reinterpret pc=0x00000000033391c4 method=java.lang.String.replace(CC)Ljava/lang/String; @ 2
Event: 4.029 Thread 0x0000000002bfd800 Uncommon trap: reason=unstable_if action=reinterpret pc=0x0000000003475478 method=org.codehaus.plexus.util.xml.pull.MXParser.nextImpl()I @ 241
Event: 4.104 Thread 0x0000000002bfd800 Uncommon trap: reason=unstable_if action=reinterpret pc=0x000000000331abe8 method=java.lang.String.startsWith(Ljava/lang/String;I)Z @ 25
Event: 4.231 Thread 0x0000000002bfd800 Uncommon trap: reason=unstable_if action=reinterpret pc=0x0000000003766dd8 method=org.codehaus.plexus.util.xml.pull.MXParser.nextImpl()I @ 555
Event: 4.366 Thread 0x0000000002bfd800 Uncommon trap: reason=unstable_if action=reinterpret pc=0x00000000037996f0 method=java.lang.String.trim()Ljava/lang/String; @ 63

Internal exceptions (10 events):
Event: 2.479 Thread 0x0000000002bfd800 Exception <a 'java/lang/ArrayIndexOutOfBoundsException': 131> (0x00000000d5cf40a0) thrown at [C:\workspace\8-2-build-windows-amd64-cygwin\jdk8u65\4987\hotspot\src\share\vm\interpreter\interpreterRuntime.cpp, line 366]
Event: 3.343 Thread 0x0000000002bfd800 Exception <a 'java/lang/NoClassDefFoundError': com/google/inject/servlet/ServletModuleTargetVisitor> (0x00000000d6100ba8) thrown at [C:\workspace\8-2-build-windows-amd64-cygwin\jdk8u65\4987\hotspot\src\share\vm\classfile\systemDictionary.cpp, line 199]
Event: 3.343 Thread 0x0000000002bfd800 Exception <a 'java/lang/NoClassDefFoundError'> (0x00000000d6100ba8) thrown at [C:\workspace\8-2-build-windows-amd64-cygwin\jdk8u65\4987\hotspot\src\share\vm\prims\jvm.cpp, line 1390]
Event: 3.343 Thread 0x0000000002bfd800 Exception <a 'java/lang/NoClassDefFoundError': javax/annotation/Priority> (0x00000000d61076e0) thrown at [C:\workspace\8-2-build-windows-amd64-cygwin\jdk8u65\4987\hotspot\src\share\vm\classfile\systemDictionary.cpp, line 199]
Event: 3.786 Thread 0x0000000002bfd800 Exception <a 'java/lang/NullPointerException'> (0x00000000d66b6a20) thrown at [C:\workspace\8-2-build-windows-amd64-cygwin\jdk8u65\4987\hotspot\src\share\vm\interpreter\linkResolver.cpp, line 1178]
Event: 3.786 Thread 0x0000000002bfd800 Exception <a 'java/lang/NullPointerException'> (0x00000000d66b6c38) thrown at [C:\workspace\8-2-build-windows-amd64-cygwin\jdk8u65\4987\hotspot\src\share\vm\interpreter\linkResolver.cpp, line 1178]
Event: 3.786 Thread 0x0000000002bfd800 Exception <a 'java/lang/NullPointerException'> (0x00000000d66b6e50) thrown at [C:\workspace\8-2-build-windows-amd64-cygwin\jdk8u65\4987\hotspot\src\share\vm\interpreter\linkResolver.cpp, line 1178]
Event: 3.788 Thread 0x0000000002bfd800 Exception <a 'java/lang/NullPointerException'> (0x00000000d66cd170) thrown at [C:\workspace\8-2-build-windows-amd64-cygwin\jdk8u65\4987\hotspot\src\share\vm\interpreter\linkResolver.cpp, line 1178]
Event: 3.788 Thread 0x0000000002bfd800 Exception <a 'java/lang/NullPointerException'> (0x00000000d66cd388) thrown at [C:\workspace\8-2-build-windows-amd64-cygwin\jdk8u65\4987\hotspot\src\share\vm\interpreter\linkResolver.cpp, line 1178]
Event: 3.788 Thread 0x0000000002bfd800 Exception <a 'java/lang/NullPointerException'> (0x00000000d66cd5a0) thrown at [C:\workspace\8-2-build-windows-amd64-cygwin\jdk8u65\4987\hotspot\src\share\vm\interpreter\linkResolver.cpp, line 1178]

Events (10 events):
Event: 4.291 Thread 0x0000000002bfd800 DEOPT UNPACKING pc=0x00000000031e787f sp=0x000000000309d6a8 mode 0
Event: 4.319 Thread 0x0000000002bfd800 DEOPT PACKING pc=0x0000000003785fb1 sp=0x000000000309de70
Event: 4.319 Thread 0x0000000002bfd800 DEOPT UNPACKING pc=0x00000000031e787f sp=0x000000000309dc38 mode 0
Event: 4.324 Thread 0x0000000002bfd800 DEOPT PACKING pc=0x0000000003785fb1 sp=0x000000000309de70
Event: 4.324 Thread 0x0000000002bfd800 DEOPT UNPACKING pc=0x00000000031e787f sp=0x000000000309dc38 mode 0
Event: 4.357 Thread 0x0000000002bfd800 DEOPT PACKING pc=0x0000000003785fb1 sp=0x000000000309da60
Event: 4.357 Thread 0x0000000002bfd800 DEOPT UNPACKING pc=0x00000000031e787f sp=0x000000000309d828 mode 0
Event: 4.366 Thread 0x0000000002bfd800 Uncommon trap: trap_request=0xffffff65 fr.pc=0x00000000037996f0
Event: 4.366 Thread 0x0000000002bfd800 DEOPT PACKING pc=0x00000000037996f0 sp=0x000000000309d880
Event: 4.366 Thread 0x0000000002bfd800 DEOPT UNPACKING pc=0x00000000031e582a sp=0x000000000309d858 mode 2


Dynamic libraries:
0x00007ff77ff70000 - 0x00007ff77ffa7000 	C:\Program Files\Java\jdk1.8.0_65\bin\javaw.exe
0x00007ffed20e0000 - 0x00007ffed22c1000 	C:\WINDOWS\SYSTEM32\ntdll.dll
0x00007ffecfd60000 - 0x00007ffecfe12000 	C:\WINDOWS\System32\KERNEL32.DLL
0x00007ffecee00000 - 0x00007ffecf073000 	C:\WINDOWS\System32\KERNELBASE.dll
0x00007ffecf5a0000 - 0x00007ffecf641000 	C:\WINDOWS\System32\ADVAPI32.dll
0x00007ffecf910000 - 0x00007ffecf9ae000 	C:\WINDOWS\System32\msvcrt.dll
0x00007ffecf650000 - 0x00007ffecf6ab000 	C:\WINDOWS\System32\sechost.dll
0x00007ffed03c0000 - 0x00007ffed04e4000 	C:\WINDOWS\System32\RPCRT4.dll
0x00007ffed1940000 - 0x00007ffed1ad0000 	C:\WINDOWS\System32\USER32.dll
0x00007ffecf3b0000 - 0x00007ffecf3d0000 	C:\WINDOWS\System32\win32u.dll
0x00007ffecf8e0000 - 0x00007ffecf908000 	C:\WINDOWS\System32\GDI32.dll
0x00007ffecf3d0000 - 0x00007ffecf562000 	C:\WINDOWS\System32\gdi32full.dll
0x00007ffecf2b0000 - 0x00007ffecf34f000 	C:\WINDOWS\System32\msvcp_win.dll
0x00007ffecf1b0000 - 0x00007ffecf2aa000 	C:\WINDOWS\System32\ucrtbase.dll
0x00007ffeb8780000 - 0x00007ffeb89e9000 	C:\WINDOWS\WinSxS\amd64_microsoft.windows.common-controls_6595b64144ccf1df_6.0.17134.472_none_fb3f9af53068156d\COMCTL32.dll
0x00007ffecf9b0000 - 0x00007ffecfcd2000 	C:\WINDOWS\System32\combase.dll
0x00007ffecf080000 - 0x00007ffecf0fa000 	C:\WINDOWS\System32\bcryptPrimitives.dll
0x00007ffecf570000 - 0x00007ffecf59d000 	C:\WINDOWS\System32\IMM32.DLL
0x0000000052560000 - 0x0000000052632000 	C:\Program Files\Java\jdk1.8.0_65\jre\bin\msvcr100.dll
0x0000000051600000 - 0x0000000051e89000 	C:\Program Files\Java\jdk1.8.0_65\jre\bin\server\jvm.dll
0x00007ffecff60000 - 0x00007ffecff68000 	C:\WINDOWS\System32\PSAPI.DLL
0x00007ffecbbb0000 - 0x00007ffecbbd3000 	C:\WINDOWS\SYSTEM32\WINMM.dll
0x00007ffec2d90000 - 0x00007ffec2d9a000 	C:\WINDOWS\SYSTEM32\VERSION.dll
0x00007ffecc510000 - 0x00007ffecc519000 	C:\WINDOWS\SYSTEM32\WSOCK32.dll
0x00007ffecfed0000 - 0x00007ffecff3c000 	C:\WINDOWS\System32\WS2_32.dll
0x00007ffecbb80000 - 0x00007ffecbbaa000 	C:\WINDOWS\SYSTEM32\winmmbase.dll
0x00007ffece4b0000 - 0x00007ffece4f9000 	C:\WINDOWS\System32\cfgmgr32.dll
0x0000000052730000 - 0x000000005273f000 	C:\Program Files\Java\jdk1.8.0_65\jre\bin\verify.dll
0x00000000526a0000 - 0x00000000526c9000 	C:\Program Files\Java\jdk1.8.0_65\jre\bin\java.dll
0x0000000052680000 - 0x0000000052696000 	C:\Program Files\Java\jdk1.8.0_65\jre\bin\zip.dll
0x00007ffed04f0000 - 0x00007ffed1930000 	C:\WINDOWS\System32\SHELL32.dll
0x00007ffecfe20000 - 0x00007ffecfec9000 	C:\WINDOWS\System32\shcore.dll
0x00007ffece500000 - 0x00007ffecec0d000 	C:\WINDOWS\System32\windows.storage.dll
0x00007ffed1db0000 - 0x00007ffed1e01000 	C:\WINDOWS\System32\shlwapi.dll
0x00007ffece460000 - 0x00007ffece471000 	C:\WINDOWS\System32\kernel.appcore.dll
0x00007ffece490000 - 0x00007ffece4af000 	C:\WINDOWS\System32\profapi.dll
0x00007ffece3f0000 - 0x00007ffece43c000 	C:\WINDOWS\System32\powrprof.dll
0x00007ffece480000 - 0x00007ffece48a000 	C:\WINDOWS\System32\FLTLIB.DLL
0x00007ffece170000 - 0x00007ffece187000 	C:\WINDOWS\SYSTEM32\CRYPTSP.dll
0x00007ffecd810000 - 0x00007ffecd843000 	C:\WINDOWS\system32\rsaenh.dll
0x00007ffecdf80000 - 0x00007ffecdfa5000 	C:\WINDOWS\SYSTEM32\bcrypt.dll
0x00007ffece2f0000 - 0x00007ffece318000 	C:\WINDOWS\SYSTEM32\USERENV.dll
0x00007ffecdd80000 - 0x00007ffecdd8b000 	C:\WINDOWS\SYSTEM32\CRYPTBASE.dll
0x0000000052660000 - 0x000000005267a000 	C:\Program Files\Java\jdk1.8.0_65\jre\bin\net.dll
0x00007ffecdc20000 - 0x00007ffecdc86000 	C:\WINDOWS\system32\mswsock.dll
0x00007ffecd9b0000 - 0x00007ffecd9e8000 	C:\WINDOWS\SYSTEM32\IPHLPAPI.DLL
0x00007ffecf8d0000 - 0x00007ffecf8d8000 	C:\WINDOWS\System32\NSI.dll
0x00007ffec75b0000 - 0x00007ffec75c6000 	C:\WINDOWS\SYSTEM32\dhcpcsvc6.DLL
0x00007ffec7590000 - 0x00007ffec75aa000 	C:\WINDOWS\SYSTEM32\dhcpcsvc.DLL
0x0000000052640000 - 0x0000000052651000 	C:\Program Files\Java\jdk1.8.0_65\jre\bin\nio.dll
0x00007ffeca3a0000 - 0x00007ffeca3aa000 	C:\Users\Woo-Young\AppData\Local\Temp\jansi-1.17-6590205034426402838.dll
0x00007ffec9360000 - 0x00007ffec936a000 	C:\Users\Woo-Young\AppData\Local\Temp\jansi-1.17-3429047017884440348.dll

VM Arguments:
jvm_args: -Dmaven.home=EMBEDDED -Dclassworlds.conf=D:\PROJECT\springbootworkspace\.metadata\.plugins\org.eclipse.m2e.launching\launches\m2conf5953893470167129103.tmp -Dmaven.multiModuleProjectDirectory=D:\PROJECT\springbootworkspace\spring-mvc-showcase -Dfile.encoding=MS949 
java_command: org.codehaus.plexus.classworlds.launcher.Launcher -Ppom.xml -B jetty:run
java_class_path (initial): D:\ProgramFiles\sts-4.1.0\plugins\org.eclipse.m2e.maven.runtime_1.10.0.20181127-2120\jars\plexus-classworlds-2.5.2.jar
Launcher Type: SUN_STANDARD

Environment Variables:
JAVA_HOME=C:\Program Files\Java\jdk1.8.0_65
PATH=C:/Program Files/Java/jdk1.8.0_65/jre/bin/server;C:/Program Files/Java/jdk1.8.0_65/jre/bin;C:/Program Files/Java/jdk1.8.0_65/jre/lib/amd64;C:\Program Files\Docker\Docker\Resources\bin;C:\Program Files (x86)\Common Files\Oracle\Java\javapath;C:\Program Files\Java\jdk1.8.0_65bin;C:\ProgramData\Oracle\Java\javapath;C:\WINDOWS\system32;C:\WINDOWS;C:\WINDOWS\System32\Wbem;C:\WINDOWS\System32\WindowsPowerShell\v1.0\;C:\Program Files\TortoiseSVN\bin;C:\Program Files\Git\cmd;C:\ProgramData\Anaconda3;C:\ProgramData\Anaconda3\Scripts;;C:\WINDOWS\System32\OpenSSH\;C:\Program Files\Microsoft VS Code\bin;C:\Users\Woo-Young\AppData\Local\Microsoft\WindowsApps;;C:\Program Files\Microsoft VS Code\bin;D:\ProgramFiles\sts-4.1.0;
USERNAME=Woo-Young
OS=Windows_NT
PROCESSOR_IDENTIFIER=Intel64 Family 6 Model 70 Stepping 1, GenuineIntel



---------------  S Y S T E M  ---------------

OS: Windows 10.0 , 64 bit Build 17134 (10.0.17134.1)

CPU:total 8 (4 cores per cpu, 2 threads per core) family 6 model 70 stepping 1, cmov, cx8, fxsr, mmx, sse, sse2, sse3, ssse3, sse4.1, sse4.2, popcnt, avx, avx2, aes, clmul, erms, lzcnt, ht, tsc, tscinvbit, bmi1, bmi2

Memory: 4k page, physical 8306988k(3080004k free), swap 33472812k(5292k free)

vm_info: Java HotSpot(TM) 64-Bit Server VM (25.65-b01) for windows-amd64 JRE (1.8.0_65-b17), built on Oct  6 2015 16:39:20 by "java_re" with MS VC++ 10.0 (VS2010)

time: Sat Jan 12 23:26:46 2019
elapsed time: 4 seconds (0d 0h 0m 4s)

