#
# There is insufficient memory for the Java Runtime Environment to continue.
# Native memory allocation (malloc) failed to allocate 197616 bytes for Chunk::new
# Possible reasons:
#   The system is out of physical RAM or swap space
#   In 32 bit mode, the process size limit was hit
# Possible solutions:
#   Reduce memory load on the system
#   Increase physical memory or swap space
#   Check if swap backing store is full
#   Use 64 bit Java on a 64 bit OS
#   Decrease Java heap size (-Xmx/-Xms)
#   Decrease number of Java threads
#   Decrease Java thread stack sizes (-Xss)
#   Set larger code cache with -XX:ReservedCodeCacheSize=
# This output file may be truncated or incomplete.
#
#  Out of Memory Error (allocation.cpp:390), pid=29132, tid=22496
#
# JRE version: Java(TM) SE Runtime Environment (8.0_65-b17) (build 1.8.0_65-b17)
# Java VM: Java HotSpot(TM) 64-Bit Server VM (25.65-b01 mixed mode windows-amd64 compressed oops)
# Failed to write core dump. Minidumps are not enabled by default on client versions of Windows
#

---------------  T H R E A D  ---------------

Current thread (0x000000001a37a000):  JavaThread "C2 CompilerThread1" daemon [_thread_in_native, id=22496, stack(0x000000001a9f0000,0x000000001aaf0000)]

Stack: [0x000000001a9f0000,0x000000001aaf0000]
[error occurred during error reporting (printing stack bounds), id 0xc0000005]

Native frames: (J=compiled Java code, j=interpreted, Vv=VM code, C=native code)


Current CompileTask:
C2:  10628 4534       4       java.io.DataInputStream::readUTF (501 bytes)


---------------  P R O C E S S  ---------------

Java Threads: ( => current thread )
  0x000000001ba2b000 JavaThread "qtp543409470-25" [_thread_blocked, id=28924, stack(0x00000000211e0000,0x00000000212e0000)]
  0x000000001ba28000 JavaThread "qtp543409470-24" [_thread_blocked, id=27480, stack(0x00000000210e0000,0x00000000211e0000)]
  0x000000001c5df000 JavaThread "qtp543409470-23" [_thread_blocked, id=26032, stack(0x0000000020fe0000,0x00000000210e0000)]
  0x000000001ec4a800 JavaThread "qtp543409470-21" [_thread_blocked, id=28556, stack(0x000000001fb10000,0x000000001fc10000)]
  0x000000001bb30000 JavaThread "qtp543409470-20" [_thread_blocked, id=26460, stack(0x000000001fa10000,0x000000001fb10000)]
  0x000000001bae3000 JavaThread "qtp543409470-19" [_thread_blocked, id=244, stack(0x000000001f910000,0x000000001fa10000)]
  0x000000001e522000 JavaThread "qtp543409470-18" [_thread_blocked, id=7900, stack(0x000000001f810000,0x000000001f910000)]
  0x000000001c0c5800 JavaThread "qtp543409470-17" [_thread_blocked, id=31104, stack(0x000000001f710000,0x000000001f810000)]
  0x000000001c1a0000 JavaThread "qtp543409470-16" [_thread_blocked, id=19928, stack(0x000000001f610000,0x000000001f710000)]
  0x000000001b26c800 JavaThread "qtp543409470-15" [_thread_blocked, id=17992, stack(0x000000001f510000,0x000000001f610000)]
  0x000000001a50d800 JavaThread "qtp543409470-14" [_thread_blocked, id=30680, stack(0x000000001f410000,0x000000001f510000)]
  0x000000001a41b800 JavaThread "Service Thread" daemon [_thread_blocked, id=6960, stack(0x000000001acf0000,0x000000001adf0000)]
  0x000000001a38c000 JavaThread "C1 CompilerThread3" daemon [_thread_blocked, id=25940, stack(0x000000001abf0000,0x000000001acf0000)]
  0x000000001a381000 JavaThread "C2 CompilerThread2" daemon [_thread_blocked, id=27664, stack(0x000000001aaf0000,0x000000001abf0000)]
=>0x000000001a37a000 JavaThread "C2 CompilerThread1" daemon [_thread_in_native, id=22496, stack(0x000000001a9f0000,0x000000001aaf0000)]
  0x000000001a329800 JavaThread "C2 CompilerThread0" daemon [_thread_in_native, id=25024, stack(0x000000001a8f0000,0x000000001a9f0000)]
  0x000000001a325800 JavaThread "Attach Listener" daemon [_thread_blocked, id=15832, stack(0x000000001a7f0000,0x000000001a8f0000)]
  0x000000001a378800 JavaThread "Signal Dispatcher" daemon [_thread_blocked, id=4784, stack(0x000000001a6f0000,0x000000001a7f0000)]
  0x00000000032aa000 JavaThread "Finalizer" daemon [_thread_blocked, id=23544, stack(0x000000001a160000,0x000000001a260000)]
  0x000000001827d800 JavaThread "Reference Handler" daemon [_thread_blocked, id=23384, stack(0x000000001a060000,0x000000001a160000)]
  0x0000000002e5d800 JavaThread "main" [_thread_in_vm, id=24712, stack(0x0000000002d10000,0x0000000002e10000)]

Other Threads:
  0x0000000018279000 VMThread [stack: 0x0000000019f60000,0x000000001a060000] [id=16088]
  0x000000001a478000 WatcherThread [stack: 0x000000001adf0000,0x000000001aef0000] [id=21088]

VM state:not at safepoint (normal execution)

VM Mutex/Monitor currently owned by a thread: None

Heap:
 PSYoungGen      total 143360K, used 9249K [0x00000000d5b80000, 0x00000000e4f80000, 0x0000000100000000)
  eden space 132096K, 7% used [0x00000000d5b80000,0x00000000d6488440,0x00000000ddc80000)
  from space 11264K, 0% used [0x00000000ddc80000,0x00000000ddc80000,0x00000000de780000)
  to   space 29696K, 0% used [0x00000000e3280000,0x00000000e3280000,0x00000000e4f80000)
 ParOldGen       total 121344K, used 46872K [0x0000000081200000, 0x0000000088880000, 0x00000000d5b80000)
  object space 121344K, 38% used [0x0000000081200000,0x0000000083fc63c8,0x0000000088880000)
 Metaspace       used 26393K, capacity 27052K, committed 27440K, reserved 1075200K
  class space    used 3120K, capacity 3294K, committed 3376K, reserved 1048576K

Card table byte_map: [0x0000000012670000,0x0000000012a70000] byte_map_base: 0x0000000012267000

Marking Bits: (ParMarkBitMap*) 0x0000000051e0a5b0
 Begin Bits: [0x0000000013520000, 0x00000000154d8000)
 End Bits:   [0x00000000154d8000, 0x0000000017490000)

Polling page: 0x0000000001530000

CodeCache: size=245760Kb used=14103Kb max_used=14114Kb free=231656Kb
 bounds [0x00000000032b0000, 0x0000000004090000, 0x00000000122b0000]
 total_blobs=4412 nmethods=3981 adapters=343
 compilation: enabled

Compilation events (10 events):
Event: 10.588 Thread 0x000000001a38c000 4536   !   3       org.eclipse.jetty.webapp.ClasspathPattern::match (195 bytes)
Event: 10.591 Thread 0x000000001a38c000 nmethod 4536 0x0000000004079e10 code [0x000000000407a160, 0x000000000407be48]
Event: 10.591 Thread 0x000000001a381000 4537 %     4       org.eclipse.jetty.util.ArrayTernaryTrie::size @ 4 (41 bytes)
Event: 10.594 Thread 0x000000001a38c000 4538       3       java.util.concurrent.CopyOnWriteArrayList::isEmpty (13 bytes)
Event: 10.595 Thread 0x000000001a38c000 nmethod 4538 0x00000000040774d0 code [0x0000000004077640, 0x00000000040778f0]
Event: 10.597 Thread 0x000000001a381000 nmethod 4537% 0x0000000004075a50 code [0x0000000004075ba0, 0x0000000004075e38]
Event: 10.600 Thread 0x000000001a38c000 4540       3       java.net.URI::defineSchemeSpecificPart (63 bytes)
Event: 10.601 Thread 0x000000001a38c000 nmethod 4540 0x0000000004075fd0 code [0x00000000040761e0, 0x0000000004077078]
Event: 10.601 Thread 0x000000001a329800 4541  s    4       java.util.jar.JarFile::getInputStream (89 bytes)
Event: 10.601 Thread 0x000000001a38c000 4542       3       org.eclipse.jetty.webapp.WebAppContext::isSystemResource (63 bytes)

GC Heap History (10 events):
Event: 7.184 GC heap before
{Heap before GC invocations=7 (full 0):
 PSYoungGen      total 142336K, used 19116K [0x00000000d5b80000, 0x00000000df380000, 0x0000000100000000)
  eden space 132096K, 6% used [0x00000000d5b80000,0x00000000d647bfb0,0x00000000ddc80000)
  from space 10240K, 96% used [0x00000000de780000,0x00000000df12f0d0,0x00000000df180000)
  to   space 11264K, 0% used [0x00000000ddc80000,0x00000000ddc80000,0x00000000de780000)
 ParOldGen       total 87552K, used 13134K [0x0000000081200000, 0x0000000086780000, 0x00000000d5b80000)
  object space 87552K, 15% used [0x0000000081200000,0x0000000081ed3ac0,0x0000000086780000)
 Metaspace       used 20632K, capacity 21128K, committed 21296K, reserved 1069056K
  class space    used 2388K, capacity 2564K, committed 2608K, reserved 1048576K
Event: 7.204 GC heap after
Heap after GC invocations=7 (full 0):
 PSYoungGen      total 143360K, used 6886K [0x00000000d5b80000, 0x00000000df380000, 0x0000000100000000)
  eden space 132096K, 0% used [0x00000000d5b80000,0x00000000d5b80000,0x00000000ddc80000)
  from space 11264K, 61% used [0x00000000ddc80000,0x00000000de339bc0,0x00000000de780000)
  to   space 10240K, 0% used [0x00000000de780000,0x00000000de780000,0x00000000df180000)
 ParOldGen       total 87552K, used 14722K [0x0000000081200000, 0x0000000086780000, 0x00000000d5b80000)
  object space 87552K, 16% used [0x0000000081200000,0x0000000082060990,0x0000000086780000)
 Metaspace       used 20632K, capacity 21128K, committed 21296K, reserved 1069056K
  class space    used 2388K, capacity 2564K, committed 2608K, reserved 1048576K
}
Event: 7.204 GC heap before
{Heap before GC invocations=8 (full 1):
 PSYoungGen      total 143360K, used 6886K [0x00000000d5b80000, 0x00000000df380000, 0x0000000100000000)
  eden space 132096K, 0% used [0x00000000d5b80000,0x00000000d5b80000,0x00000000ddc80000)
  from space 11264K, 61% used [0x00000000ddc80000,0x00000000de339bc0,0x00000000de780000)
  to   space 10240K, 0% used [0x00000000de780000,0x00000000de780000,0x00000000df180000)
 ParOldGen       total 87552K, used 14722K [0x0000000081200000, 0x0000000086780000, 0x00000000d5b80000)
  object space 87552K, 16% used [0x0000000081200000,0x0000000082060990,0x0000000086780000)
 Metaspace       used 20632K, capacity 21128K, committed 21296K, reserved 1069056K
  class space    used 2388K, capacity 2564K, committed 2608K, reserved 1048576K
Event: 7.308 GC heap after
Heap after GC invocations=8 (full 1):
 PSYoungGen      total 143360K, used 0K [0x00000000d5b80000, 0x00000000df380000, 0x0000000100000000)
  eden space 132096K, 0% used [0x00000000d5b80000,0x00000000d5b80000,0x00000000ddc80000)
  from space 11264K, 0% used [0x00000000ddc80000,0x00000000ddc80000,0x00000000de780000)
  to   space 10240K, 0% used [0x00000000de780000,0x00000000de780000,0x00000000df180000)
 ParOldGen       total 60928K, used 14176K [0x0000000081200000, 0x0000000084d80000, 0x00000000d5b80000)
  object space 60928K, 23% used [0x0000000081200000,0x0000000081fd8310,0x0000000084d80000)
 Metaspace       used 20632K, capacity 21128K, committed 21296K, reserved 1069056K
  class space    used 2388K, capacity 2564K, committed 2608K, reserved 1048576K
}
Event: 8.748 GC heap before
{Heap before GC invocations=9 (full 1):
 PSYoungGen      total 143360K, used 132096K [0x00000000d5b80000, 0x00000000df380000, 0x0000000100000000)
  eden space 132096K, 100% used [0x00000000d5b80000,0x00000000ddc80000,0x00000000ddc80000)
  from space 11264K, 0% used [0x00000000ddc80000,0x00000000ddc80000,0x00000000de780000)
  to   space 10240K, 0% used [0x00000000de780000,0x00000000de780000,0x00000000df180000)
 ParOldGen       total 60928K, used 14176K [0x0000000081200000, 0x0000000084d80000, 0x00000000d5b80000)
  object space 60928K, 23% used [0x0000000081200000,0x0000000081fd8310,0x0000000084d80000)
 Metaspace       used 23158K, capacity 23878K, committed 24240K, reserved 1071104K
  class space    used 2683K, capacity 2880K, committed 2992K, reserved 1048576K
Event: 8.798 GC heap after
Heap after GC invocations=9 (full 1):
 PSYoungGen      total 142336K, used 10235K [0x00000000d5b80000, 0x00000000df380000, 0x0000000100000000)
  eden space 132096K, 0% used [0x00000000d5b80000,0x00000000d5b80000,0x00000000ddc80000)
  from space 10240K, 99% used [0x00000000de780000,0x00000000df17eeb0,0x00000000df180000)
  to   space 11264K, 0% used [0x00000000ddc80000,0x00000000ddc80000,0x00000000de780000)
 ParOldGen       total 60928K, used 35197K [0x0000000081200000, 0x0000000084d80000, 0x00000000d5b80000)
  object space 60928K, 57% used [0x0000000081200000,0x000000008345f7c0,0x0000000084d80000)
 Metaspace       used 23158K, capacity 23878K, committed 24240K, reserved 1071104K
  class space    used 2683K, capacity 2880K, committed 2992K, reserved 1048576K
}
Event: 10.418 GC heap before
{Heap before GC invocations=10 (full 1):
 PSYoungGen      total 142336K, used 142331K [0x00000000d5b80000, 0x00000000df380000, 0x0000000100000000)
  eden space 132096K, 100% used [0x00000000d5b80000,0x00000000ddc80000,0x00000000ddc80000)
  from space 10240K, 99% used [0x00000000de780000,0x00000000df17eeb0,0x00000000df180000)
  to   space 11264K, 0% used [0x00000000ddc80000,0x00000000ddc80000,0x00000000de780000)
 ParOldGen       total 60928K, used 35197K [0x0000000081200000, 0x0000000084d80000, 0x00000000d5b80000)
  object space 60928K, 57% used [0x0000000081200000,0x000000008345f7c0,0x0000000084d80000)
 Metaspace       used 25837K, capacity 26608K, committed 26800K, reserved 1073152K
  class space    used 3044K, capacity 3236K, committed 3248K, reserved 1048576K
Event: 10.463 GC heap after
Heap after GC invocations=10 (full 1):
 PSYoungGen      total 143360K, used 11248K [0x00000000d5b80000, 0x00000000e4f80000, 0x0000000100000000)
  eden space 132096K, 0% used [0x00000000d5b80000,0x00000000d5b80000,0x00000000ddc80000)
  from space 11264K, 99% used [0x00000000ddc80000,0x00000000de77c040,0x00000000de780000)
  to   space 29696K, 0% used [0x00000000e3280000,0x00000000e3280000,0x00000000e4f80000)
 ParOldGen       total 60928K, used 58423K [0x0000000081200000, 0x0000000084d80000, 0x00000000d5b80000)
  object space 60928K, 95% used [0x0000000081200000,0x0000000084b0dd58,0x0000000084d80000)
 Metaspace       used 25837K, capacity 26608K, committed 26800K, reserved 1073152K
  class space    used 3044K, capacity 3236K, committed 3248K, reserved 1048576K
}
Event: 10.463 GC heap before
{Heap before GC invocations=11 (full 2):
 PSYoungGen      total 143360K, used 11248K [0x00000000d5b80000, 0x00000000e4f80000, 0x0000000100000000)
  eden space 132096K, 0% used [0x00000000d5b80000,0x00000000d5b80000,0x00000000ddc80000)
  from space 11264K, 99% used [0x00000000ddc80000,0x00000000de77c040,0x00000000de780000)
  to   space 29696K, 0% used [0x00000000e3280000,0x00000000e3280000,0x00000000e4f80000)
 ParOldGen       total 60928K, used 58423K [0x0000000081200000, 0x0000000084d80000, 0x00000000d5b80000)
  object space 60928K, 95% used [0x0000000081200000,0x0000000084b0dd58,0x0000000084d80000)
 Metaspace       used 25837K, capacity 26608K, committed 26800K, reserved 1073152K
  class space    used 3044K, capacity 3236K, committed 3248K, reserved 1048576K
Event: 10.534 GC heap after
Heap after GC invocations=11 (full 2):
 PSYoungGen      total 143360K, used 0K [0x00000000d5b80000, 0x00000000e4f80000, 0x0000000100000000)
  eden space 132096K, 0% used [0x00000000d5b80000,0x00000000d5b80000,0x00000000ddc80000)
  from space 11264K, 0% used [0x00000000ddc80000,0x00000000ddc80000,0x00000000de780000)
  to   space 29696K, 0% used [0x00000000e3280000,0x00000000e3280000,0x00000000e4f80000)
 ParOldGen       total 121344K, used 46872K [0x0000000081200000, 0x0000000088880000, 0x00000000d5b80000)
  object space 121344K, 38% used [0x0000000081200000,0x0000000083fc63c8,0x0000000088880000)
 Metaspace       used 25779K, capacity 26444K, committed 26800K, reserved 1073152K
  class space    used 3023K, capacity 3198K, committed 3248K, reserved 1048576K
}

Deoptimization events (10 events):
Event: 9.811 Thread 0x0000000002e5d800 Uncommon trap: reason=class_check action=maybe_recompile pc=0x0000000003a06188 method=java.util.Hashtable.get(Ljava/lang/Object;)Ljava/lang/Object; @ 6
Event: 9.811 Thread 0x0000000002e5d800 Uncommon trap: reason=class_check action=maybe_recompile pc=0x0000000003a06188 method=java.util.Hashtable.get(Ljava/lang/Object;)Ljava/lang/Object; @ 6
Event: 9.811 Thread 0x0000000002e5d800 Uncommon trap: reason=class_check action=maybe_recompile pc=0x0000000003a06188 method=java.util.Hashtable.get(Ljava/lang/Object;)Ljava/lang/Object; @ 6
Event: 9.812 Thread 0x0000000002e5d800 Uncommon trap: reason=class_check action=maybe_recompile pc=0x00000000039ba720 method=java.util.Hashtable.put(Ljava/lang/Object;Ljava/lang/Object;)Ljava/lang/Object; @ 18
Event: 9.812 Thread 0x0000000002e5d800 Uncommon trap: reason=class_check action=maybe_recompile pc=0x00000000039ba720 method=java.util.Hashtable.put(Ljava/lang/Object;Ljava/lang/Object;)Ljava/lang/Object; @ 18
Event: 9.814 Thread 0x0000000002e5d800 Uncommon trap: reason=class_check action=maybe_recompile pc=0x00000000039ba720 method=java.util.Hashtable.put(Ljava/lang/Object;Ljava/lang/Object;)Ljava/lang/Object; @ 18
Event: 9.948 Thread 0x0000000002e5d800 Uncommon trap: reason=unstable_if action=reinterpret pc=0x0000000003791890 method=com.sun.org.apache.xerces.internal.impl.XMLEntityScanner.scanContent(Lcom/sun/org/apache/xerces/internal/xni/XMLString;)I @ 385
Event: 10.164 Thread 0x0000000002e5d800 Uncommon trap: reason=predicate action=maybe_recompile pc=0x000000000341b088 method=java.lang.String.regionMatches(ZILjava/lang/String;II)Z @ 63
Event: 10.221 Thread 0x0000000002e5d800 Uncommon trap: reason=unstable_if action=reinterpret pc=0x00000000037e040c method=java.net.URLClassLoader.definePackageInternal(Ljava/lang/String;Ljava/util/jar/Manifest;Ljava/net/URL;)V @ 11
Event: 10.333 Thread 0x0000000002e5d800 Uncommon trap: reason=predicate action=maybe_recompile pc=0x0000000003af7cec method=java.util.TreeMap.getEntry(Ljava/lang/Object;)Ljava/util/TreeMap$Entry; @ 39

Internal exceptions (10 events):
Event: 9.744 Thread 0x0000000002e5d800 Exception <a 'sun/nio/fs/WindowsException'> (0x00000000dbdb5e60) thrown at [C:\workspace\8-2-build-windows-amd64-cygwin\jdk8u65\4987\hotspot\src\share\vm\prims\jni.cpp, line 709]
Event: 9.747 Thread 0x0000000002e5d800 Exception <a 'sun/nio/fs/WindowsException'> (0x00000000dbdc0ad8) thrown at [C:\workspace\8-2-build-windows-amd64-cygwin\jdk8u65\4987\hotspot\src\share\vm\prims\jni.cpp, line 709]
Event: 9.753 Thread 0x0000000002e5d800 Exception <a 'sun/nio/fs/WindowsException'> (0x00000000dbde42b0) thrown at [C:\workspace\8-2-build-windows-amd64-cygwin\jdk8u65\4987\hotspot\src\share\vm\prims\jni.cpp, line 709]
Event: 9.757 Thread 0x0000000002e5d800 Exception <a 'sun/nio/fs/WindowsException'> (0x00000000dbdee8d8) thrown at [C:\workspace\8-2-build-windows-amd64-cygwin\jdk8u65\4987\hotspot\src\share\vm\prims\jni.cpp, line 709]
Event: 9.759 Thread 0x0000000002e5d800 Exception <a 'sun/nio/fs/WindowsException'> (0x00000000dbdf5478) thrown at [C:\workspace\8-2-build-windows-amd64-cygwin\jdk8u65\4987\hotspot\src\share\vm\prims\jni.cpp, line 709]
Event: 9.769 Thread 0x0000000002e5d800 Exception <a 'sun/nio/fs/WindowsException'> (0x00000000dbe30320) thrown at [C:\workspace\8-2-build-windows-amd64-cygwin\jdk8u65\4987\hotspot\src\share\vm\prims\jni.cpp, line 709]
Event: 9.778 Thread 0x0000000002e5d800 Exception <a 'sun/nio/fs/WindowsException'> (0x00000000dbe6b150) thrown at [C:\workspace\8-2-build-windows-amd64-cygwin\jdk8u65\4987\hotspot\src\share\vm\prims\jni.cpp, line 709]
Event: 9.780 Thread 0x0000000002e5d800 Exception <a 'sun/nio/fs/WindowsException'> (0x00000000dbe72470) thrown at [C:\workspace\8-2-build-windows-amd64-cygwin\jdk8u65\4987\hotspot\src\share\vm\prims\jni.cpp, line 709]
Event: 9.782 Thread 0x0000000002e5d800 Exception <a 'sun/nio/fs/WindowsException'> (0x00000000dbe78980) thrown at [C:\workspace\8-2-build-windows-amd64-cygwin\jdk8u65\4987\hotspot\src\share\vm\prims\jni.cpp, line 709]
Event: 9.783 Thread 0x0000000002e5d800 Exception <a 'sun/nio/fs/WindowsException'> (0x00000000dbe7ecd0) thrown at [C:\workspace\8-2-build-windows-amd64-cygwin\jdk8u65\4987\hotspot\src\share\vm\prims\jni.cpp, line 709]

Events (10 events):
Event: 10.547 loading class org/apache/logging/log4j/web/WebLookup
Event: 10.547 loading class org/apache/logging/log4j/web/WebLookup done
Event: 10.547 loading class org/apache/logging/log4j/web/WebLookup
Event: 10.547 loading class org/apache/logging/log4j/web/WebLookup done
Event: 10.547 loading class org/apache/logging/log4j/web/WebLookup
Event: 10.547 loading class org/apache/logging/log4j/web/WebLookup done
Event: 10.548 loading class org/apache/logging/log4j/web/WebLookup
Event: 10.548 loading class org/apache/logging/log4j/web/WebLookup done
Event: 10.561 loading class java/lang/VerifyError
Event: 10.561 loading class java/lang/VerifyError done


Dynamic libraries:
0x00007ff77ff70000 - 0x00007ff77ffa7000 	C:\Program Files\Java\jdk1.8.0_65\bin\javaw.exe
0x00007ffed20e0000 - 0x00007ffed22c1000 	C:\WINDOWS\SYSTEM32\ntdll.dll
0x00007ffecfd60000 - 0x00007ffecfe12000 	C:\WINDOWS\System32\KERNEL32.DLL
0x00007ffecee00000 - 0x00007ffecf073000 	C:\WINDOWS\System32\KERNELBASE.dll
0x00007ffecf5a0000 - 0x00007ffecf641000 	C:\WINDOWS\System32\ADVAPI32.dll
0x00007ffecf910000 - 0x00007ffecf9ae000 	C:\WINDOWS\System32\msvcrt.dll
0x00007ffecf650000 - 0x00007ffecf6ab000 	C:\WINDOWS\System32\sechost.dll
0x00007ffed03c0000 - 0x00007ffed04e4000 	C:\WINDOWS\System32\RPCRT4.dll
0x00007ffed1940000 - 0x00007ffed1ad0000 	C:\WINDOWS\System32\USER32.dll
0x00007ffecf3b0000 - 0x00007ffecf3d0000 	C:\WINDOWS\System32\win32u.dll
0x00007ffecf8e0000 - 0x00007ffecf908000 	C:\WINDOWS\System32\GDI32.dll
0x00007ffecf3d0000 - 0x00007ffecf562000 	C:\WINDOWS\System32\gdi32full.dll
0x00007ffecf2b0000 - 0x00007ffecf34f000 	C:\WINDOWS\System32\msvcp_win.dll
0x00007ffecf1b0000 - 0x00007ffecf2aa000 	C:\WINDOWS\System32\ucrtbase.dll
0x00007ffeb8780000 - 0x00007ffeb89e9000 	C:\WINDOWS\WinSxS\amd64_microsoft.windows.common-controls_6595b64144ccf1df_6.0.17134.472_none_fb3f9af53068156d\COMCTL32.dll
0x00007ffecf9b0000 - 0x00007ffecfcd2000 	C:\WINDOWS\System32\combase.dll
0x00007ffecf080000 - 0x00007ffecf0fa000 	C:\WINDOWS\System32\bcryptPrimitives.dll
0x00007ffecf570000 - 0x00007ffecf59d000 	C:\WINDOWS\System32\IMM32.DLL
0x0000000052560000 - 0x0000000052632000 	C:\Program Files\Java\jdk1.8.0_65\jre\bin\msvcr100.dll
0x0000000051600000 - 0x0000000051e89000 	C:\Program Files\Java\jdk1.8.0_65\jre\bin\server\jvm.dll
0x00007ffecff60000 - 0x00007ffecff68000 	C:\WINDOWS\System32\PSAPI.DLL
0x00007ffec2d90000 - 0x00007ffec2d9a000 	C:\WINDOWS\SYSTEM32\VERSION.dll
0x00007ffecc510000 - 0x00007ffecc519000 	C:\WINDOWS\SYSTEM32\WSOCK32.dll
0x00007ffecbbb0000 - 0x00007ffecbbd3000 	C:\WINDOWS\SYSTEM32\WINMM.dll
0x00007ffecfed0000 - 0x00007ffecff3c000 	C:\WINDOWS\System32\WS2_32.dll
0x00007ffecbb80000 - 0x00007ffecbbaa000 	C:\WINDOWS\SYSTEM32\winmmbase.dll
0x00007ffece4b0000 - 0x00007ffece4f9000 	C:\WINDOWS\System32\cfgmgr32.dll
0x0000000052730000 - 0x000000005273f000 	C:\Program Files\Java\jdk1.8.0_65\jre\bin\verify.dll
0x00000000526a0000 - 0x00000000526c9000 	C:\Program Files\Java\jdk1.8.0_65\jre\bin\java.dll
0x0000000052680000 - 0x0000000052696000 	C:\Program Files\Java\jdk1.8.0_65\jre\bin\zip.dll
0x00007ffed04f0000 - 0x00007ffed1930000 	C:\WINDOWS\System32\SHELL32.dll
0x00007ffecfe20000 - 0x00007ffecfec9000 	C:\WINDOWS\System32\shcore.dll
0x00007ffece500000 - 0x00007ffecec0d000 	C:\WINDOWS\System32\windows.storage.dll
0x00007ffed1db0000 - 0x00007ffed1e01000 	C:\WINDOWS\System32\shlwapi.dll
0x00007ffece460000 - 0x00007ffece471000 	C:\WINDOWS\System32\kernel.appcore.dll
0x00007ffece490000 - 0x00007ffece4af000 	C:\WINDOWS\System32\profapi.dll
0x00007ffece3f0000 - 0x00007ffece43c000 	C:\WINDOWS\System32\powrprof.dll
0x00007ffece480000 - 0x00007ffece48a000 	C:\WINDOWS\System32\FLTLIB.DLL
0x00007ffece170000 - 0x00007ffece187000 	C:\WINDOWS\SYSTEM32\CRYPTSP.dll
0x00007ffecd810000 - 0x00007ffecd843000 	C:\WINDOWS\system32\rsaenh.dll
0x00007ffecdf80000 - 0x00007ffecdfa5000 	C:\WINDOWS\SYSTEM32\bcrypt.dll
0x00007ffece2f0000 - 0x00007ffece318000 	C:\WINDOWS\SYSTEM32\USERENV.dll
0x00007ffecdd80000 - 0x00007ffecdd8b000 	C:\WINDOWS\SYSTEM32\CRYPTBASE.dll
0x0000000052660000 - 0x000000005267a000 	C:\Program Files\Java\jdk1.8.0_65\jre\bin\net.dll
0x00007ffecdc20000 - 0x00007ffecdc86000 	C:\WINDOWS\system32\mswsock.dll
0x00007ffecd9b0000 - 0x00007ffecd9e8000 	C:\WINDOWS\SYSTEM32\IPHLPAPI.DLL
0x00007ffecf8d0000 - 0x00007ffecf8d8000 	C:\WINDOWS\System32\NSI.dll
0x00007ffec75b0000 - 0x00007ffec75c6000 	C:\WINDOWS\SYSTEM32\dhcpcsvc6.DLL
0x00007ffec7590000 - 0x00007ffec75aa000 	C:\WINDOWS\SYSTEM32\dhcpcsvc.DLL
0x0000000052640000 - 0x0000000052651000 	C:\Program Files\Java\jdk1.8.0_65\jre\bin\nio.dll
0x00007ffeca3a0000 - 0x00007ffeca3aa000 	C:\Users\Woo-Young\AppData\Local\Temp\jansi-1.17-558602701144753698.dll
0x00007ffec9360000 - 0x00007ffec936a000 	C:\Users\Woo-Young\AppData\Local\Temp\jansi-1.17-5892422875228776935.dll
0x0000000052550000 - 0x000000005255d000 	C:\Program Files\Java\jdk1.8.0_65\jre\bin\management.dll

VM Arguments:
jvm_args: -Dmaven.home=EMBEDDED -Dclassworlds.conf=D:\PROJECT\springbootworkspace\.metadata\.plugins\org.eclipse.m2e.launching\launches\m2conf3025631879987121976.tmp -Dmaven.multiModuleProjectDirectory=D:\PROJECT\springbootworkspace\spring-mvc-showcase -Dfile.encoding=MS949 
java_command: org.codehaus.plexus.classworlds.launcher.Launcher -Ppom.xml -B jetty:run
java_class_path (initial): D:\ProgramFiles\sts-4.1.0\plugins\org.eclipse.m2e.maven.runtime_1.10.0.20181127-2120\jars\plexus-classworlds-2.5.2.jar
Launcher Type: SUN_STANDARD

Environment Variables:
JAVA_HOME=C:\Program Files\Java\jdk1.8.0_65
PATH=C:/Program Files/Java/jdk1.8.0_65/jre/bin/server;C:/Program Files/Java/jdk1.8.0_65/jre/bin;C:/Program Files/Java/jdk1.8.0_65/jre/lib/amd64;C:\Program Files\Docker\Docker\Resources\bin;C:\Program Files (x86)\Common Files\Oracle\Java\javapath;C:\Program Files\Java\jdk1.8.0_65bin;C:\ProgramData\Oracle\Java\javapath;C:\WINDOWS\system32;C:\WINDOWS;C:\WINDOWS\System32\Wbem;C:\WINDOWS\System32\WindowsPowerShell\v1.0\;C:\Program Files\TortoiseSVN\bin;C:\Program Files\Git\cmd;C:\ProgramData\Anaconda3;C:\ProgramData\Anaconda3\Scripts;;C:\WINDOWS\System32\OpenSSH\;C:\Program Files\Microsoft VS Code\bin;C:\Users\Woo-Young\AppData\Local\Microsoft\WindowsApps;;C:\Program Files\Microsoft VS Code\bin;D:\ProgramFiles\sts-4.1.0;
USERNAME=Woo-Young
OS=Windows_NT
PROCESSOR_IDENTIFIER=Intel64 Family 6 Model 70 Stepping 1, GenuineIntel



---------------  S Y S T E M  ---------------

OS: Windows 10.0 , 64 bit Build 17134 (10.0.17134.1)

CPU:total 8 (4 cores per cpu, 2 threads per core) family 6 model 70 stepping 1, cmov, cx8, fxsr, mmx, sse, sse2, sse3, ssse3, sse4.1, sse4.2, popcnt, avx, avx2, aes, clmul, erms, lzcnt, ht, tsc, tscinvbit, bmi1, bmi2

Memory: 4k page, physical 8306988k(3038424k free), swap 33472812k(3044k free)

vm_info: Java HotSpot(TM) 64-Bit Server VM (25.65-b01) for windows-amd64 JRE (1.8.0_65-b17), built on Oct  6 2015 16:39:20 by "java_re" with MS VC++ 10.0 (VS2010)

time: Sat Jan 12 23:26:06 2019
elapsed time: 10 seconds (0d 0h 0m 10s)

