#
# There is insufficient memory for the Java Runtime Environment to continue.
# Native memory allocation (malloc) failed to allocate 576896 bytes for Chunk::new
# Possible reasons:
#   The system is out of physical RAM or swap space
#   In 32 bit mode, the process size limit was hit
# Possible solutions:
#   Reduce memory load on the system
#   Increase physical memory or swap space
#   Check if swap backing store is full
#   Use 64 bit Java on a 64 bit OS
#   Decrease Java heap size (-Xmx/-Xms)
#   Decrease number of Java threads
#   Decrease Java thread stack sizes (-Xss)
#   Set larger code cache with -XX:ReservedCodeCacheSize=
# This output file may be truncated or incomplete.
#
#  Out of Memory Error (allocation.cpp:390), pid=21128, tid=28528
#
# JRE version: Java(TM) SE Runtime Environment (8.0_65-b17) (build 1.8.0_65-b17)
# Java VM: Java HotSpot(TM) 64-Bit Server VM (25.65-b01 mixed mode windows-amd64 compressed oops)
# Failed to write core dump. Minidumps are not enabled by default on client versions of Windows
#

---------------  T H R E A D  ---------------

Current thread (0x0000000019f4f000):  JavaThread "C2 CompilerThread2" daemon [_thread_in_native, id=28528, stack(0x000000001a6c0000,0x000000001a7c0000)]

Stack: [0x000000001a6c0000,0x000000001a7c0000]
[error occurred during error reporting (printing stack bounds), id 0xc0000005]

Native frames: (J=compiled Java code, j=interpreted, Vv=VM code, C=native code)


Current CompileTask:
C2:  12515 5786       4       sun.net.www.protocol.jar.Handler::parseURL (201 bytes)


---------------  P R O C E S S  ---------------

Java Threads: ( => current thread )
  0x0000000019f5e800 JavaThread "Scheduler-965778714" [_thread_blocked, id=20332, stack(0x00000000223b0000,0x00000000224b0000)]
  0x000000001b471800 JavaThread "qtp1955502880-24" [_thread_blocked, id=31540, stack(0x0000000020ff0000,0x00000000210f0000)]
  0x000000001a1b4800 JavaThread "qtp1955502880-23" [_thread_blocked, id=28276, stack(0x0000000020ef0000,0x0000000020ff0000)]
  0x000000001e67b000 JavaThread "qtp1955502880-21" [_thread_blocked, id=29024, stack(0x000000001f6d0000,0x000000001f7d0000)]
  0x000000001dde9000 JavaThread "qtp1955502880-20" [_thread_blocked, id=16884, stack(0x000000001f5d0000,0x000000001f6d0000)]
  0x000000001dde8000 JavaThread "qtp1955502880-19" [_thread_blocked, id=13104, stack(0x000000001f4d0000,0x000000001f5d0000)]
  0x000000001d4b1800 JavaThread "qtp1955502880-18" [_thread_blocked, id=29132, stack(0x000000001f3d0000,0x000000001f4d0000)]
  0x000000001d4b1000 JavaThread "qtp1955502880-17" [_thread_blocked, id=24876, stack(0x000000001f2d0000,0x000000001f3d0000)]
  0x000000001e97f000 JavaThread "qtp1955502880-16" [_thread_blocked, id=25420, stack(0x000000001f1d0000,0x000000001f2d0000)]
  0x000000001e457800 JavaThread "qtp1955502880-15" [_thread_blocked, id=7320, stack(0x000000001f0d0000,0x000000001f1d0000)]
  0x000000001df9c800 JavaThread "qtp1955502880-14" [_thread_blocked, id=30536, stack(0x000000001d980000,0x000000001da80000)]
  0x0000000019fab000 JavaThread "Service Thread" daemon [_thread_blocked, id=25072, stack(0x000000001a8c0000,0x000000001a9c0000)]
  0x0000000019f60800 JavaThread "C1 CompilerThread3" daemon [_thread_blocked, id=30448, stack(0x000000001a7c0000,0x000000001a8c0000)]
=>0x0000000019f4f000 JavaThread "C2 CompilerThread2" daemon [_thread_in_native, id=28528, stack(0x000000001a6c0000,0x000000001a7c0000)]
  0x0000000019f4b800 JavaThread "C2 CompilerThread1" daemon [_thread_in_native, id=27976, stack(0x000000001a5c0000,0x000000001a6c0000)]
  0x0000000019f49800 JavaThread "C2 CompilerThread0" daemon [_thread_in_native, id=10692, stack(0x000000001a4c0000,0x000000001a5c0000)]
  0x0000000019f42800 JavaThread "Attach Listener" daemon [_thread_blocked, id=28064, stack(0x000000001a3c0000,0x000000001a4c0000)]
  0x0000000019ef8800 JavaThread "Signal Dispatcher" daemon [_thread_blocked, id=24360, stack(0x000000001a2c0000,0x000000001a3c0000)]
  0x0000000002e7b000 JavaThread "Finalizer" daemon [_thread_blocked, id=19264, stack(0x0000000019db0000,0x0000000019eb0000)]
  0x0000000017eed000 JavaThread "Reference Handler" daemon [_thread_blocked, id=27752, stack(0x0000000019cb0000,0x0000000019db0000)]
  0x0000000002f1d800 JavaThread "main" [_thread_in_vm, id=28256, stack(0x00000000028f0000,0x00000000029f0000)]

Other Threads:
  0x0000000017ee8800 VMThread [stack: 0x0000000019bb0000,0x0000000019cb0000] [id=31140]
  0x0000000019fb2000 WatcherThread [stack: 0x000000001a9c0000,0x000000001aac0000] [id=3144]

VM state:not at safepoint (normal execution)

VM Mutex/Monitor currently owned by a thread: None

Heap:
 PSYoungGen      total 266240K, used 88277K [0x00000000d5b80000, 0x00000000eee00000, 0x0000000100000000)
  eden space 244736K, 36% used [0x00000000d5b80000,0x00000000db1b5670,0x00000000e4a80000)
  from space 21504K, 0% used [0x00000000e4a80000,0x00000000e4a80000,0x00000000e5f80000)
  to   space 33280K, 0% used [0x00000000ecd80000,0x00000000ecd80000,0x00000000eee00000)
 ParOldGen       total 126976K, used 55638K [0x0000000081200000, 0x0000000088e00000, 0x00000000d5b80000)
  object space 126976K, 43% used [0x0000000081200000,0x0000000084855800,0x0000000088e00000)
 Metaspace       used 40019K, capacity 41074K, committed 41256K, reserved 1085440K
  class space    used 4816K, capacity 5067K, committed 5160K, reserved 1048576K

Card table byte_map: [0x00000000122e0000,0x00000000126e0000] byte_map_base: 0x0000000011ed7000

Marking Bits: (ParMarkBitMap*) 0x0000000051e0a5b0
 Begin Bits: [0x0000000013190000, 0x0000000015148000)
 End Bits:   [0x0000000015148000, 0x0000000017100000)

Polling page: 0x0000000001120000

CodeCache: size=245760Kb used=18399Kb max_used=18417Kb free=227361Kb
 bounds [0x0000000002f20000, 0x0000000004130000, 0x0000000011f20000]
 total_blobs=5677 nmethods=5210 adapters=378
 compilation: enabled

Compilation events (10 events):
Event: 12.315 Thread 0x0000000019f60800 5783       1       java.lang.invoke.MemberName::getReferenceKind (12 bytes)
Event: 12.316 Thread 0x0000000019f60800 nmethod 5783 0x00000000041194d0 code [0x0000000004119620, 0x0000000004119730]
Event: 12.406 Thread 0x0000000019f60800 5789       3       java.util.Calendar::internalGet (7 bytes)
Event: 12.406 Thread 0x0000000019f60800 nmethod 5789 0x0000000004119790 code [0x00000000041198e0, 0x0000000004119a50]
Event: 12.463 Thread 0x0000000019f4f000 nmethod 5774 0x0000000004120590 code [0x00000000041208e0, 0x0000000004124170]
Event: 12.463 Thread 0x0000000019f4f000 5790       4       java.lang.String::regionMatches (149 bytes)
Event: 12.474 Thread 0x0000000019f4f000 nmethod 5790 0x000000000411c0d0 code [0x000000000411c240, 0x000000000411c9d8]
Event: 12.474 Thread 0x0000000019f4f000 5785       4       sun.net.www.protocol.file.Handler::parseURL (18 bytes)
Event: 12.485 Thread 0x0000000019f4f000 nmethod 5785 0x000000000411a310 code [0x000000000411a480, 0x000000000411a928]
Event: 12.485 Thread 0x0000000019f4f000 5786       4       sun.net.www.protocol.jar.Handler::parseURL (201 bytes)

GC Heap History (10 events):
Event: 6.805 GC heap before
{Heap before GC invocations=7 (full 0):
 PSYoungGen      total 143360K, used 14978K [0x00000000d5b80000, 0x00000000df380000, 0x0000000100000000)
  eden space 132608K, 3% used [0x00000000d5b80000,0x00000000d60a0d10,0x00000000ddd00000)
  from space 10752K, 90% used [0x00000000de800000,0x00000000df17fe48,0x00000000df280000)
  to   space 11264K, 0% used [0x00000000ddd00000,0x00000000ddd00000,0x00000000de800000)
 ParOldGen       total 87552K, used 12910K [0x0000000081200000, 0x0000000086780000, 0x00000000d5b80000)
  object space 87552K, 14% used [0x0000000081200000,0x0000000081e9bb20,0x0000000086780000)
 Metaspace       used 20590K, capacity 21128K, committed 21296K, reserved 1069056K
  class space    used 2382K, capacity 2564K, committed 2608K, reserved 1048576K
Event: 6.830 GC heap after
Heap after GC invocations=7 (full 0):
 PSYoungGen      total 143872K, used 6449K [0x00000000d5b80000, 0x00000000e7480000, 0x0000000100000000)
  eden space 132608K, 0% used [0x00000000d5b80000,0x00000000d5b80000,0x00000000ddd00000)
  from space 11264K, 57% used [0x00000000ddd00000,0x00000000de34c768,0x00000000de800000)
  to   space 11264K, 0% used [0x00000000e6980000,0x00000000e6980000,0x00000000e7480000)
 ParOldGen       total 87552K, used 14802K [0x0000000081200000, 0x0000000086780000, 0x00000000d5b80000)
  object space 87552K, 16% used [0x0000000081200000,0x0000000082074a00,0x0000000086780000)
 Metaspace       used 20590K, capacity 21128K, committed 21296K, reserved 1069056K
  class space    used 2382K, capacity 2564K, committed 2608K, reserved 1048576K
}
Event: 6.830 GC heap before
{Heap before GC invocations=8 (full 1):
 PSYoungGen      total 143872K, used 6449K [0x00000000d5b80000, 0x00000000e7480000, 0x0000000100000000)
  eden space 132608K, 0% used [0x00000000d5b80000,0x00000000d5b80000,0x00000000ddd00000)
  from space 11264K, 57% used [0x00000000ddd00000,0x00000000de34c768,0x00000000de800000)
  to   space 11264K, 0% used [0x00000000e6980000,0x00000000e6980000,0x00000000e7480000)
 ParOldGen       total 87552K, used 14802K [0x0000000081200000, 0x0000000086780000, 0x00000000d5b80000)
  object space 87552K, 16% used [0x0000000081200000,0x0000000082074a00,0x0000000086780000)
 Metaspace       used 20590K, capacity 21128K, committed 21296K, reserved 1069056K
  class space    used 2382K, capacity 2564K, committed 2608K, reserved 1048576K
Event: 6.914 GC heap after
Heap after GC invocations=8 (full 1):
 PSYoungGen      total 143872K, used 0K [0x00000000d5b80000, 0x00000000e7480000, 0x0000000100000000)
  eden space 132608K, 0% used [0x00000000d5b80000,0x00000000d5b80000,0x00000000ddd00000)
  from space 11264K, 0% used [0x00000000ddd00000,0x00000000ddd00000,0x00000000de800000)
  to   space 11264K, 0% used [0x00000000e6980000,0x00000000e6980000,0x00000000e7480000)
 ParOldGen       total 59392K, used 14135K [0x0000000081200000, 0x0000000084c00000, 0x00000000d5b80000)
  object space 59392K, 23% used [0x0000000081200000,0x0000000081fcdc08,0x0000000084c00000)
 Metaspace       used 20590K, capacity 21128K, committed 21296K, reserved 1069056K
  class space    used 2382K, capacity 2564K, committed 2608K, reserved 1048576K
}
Event: 8.330 GC heap before
{Heap before GC invocations=9 (full 1):
 PSYoungGen      total 143872K, used 132608K [0x00000000d5b80000, 0x00000000e7480000, 0x0000000100000000)
  eden space 132608K, 100% used [0x00000000d5b80000,0x00000000ddd00000,0x00000000ddd00000)
  from space 11264K, 0% used [0x00000000ddd00000,0x00000000ddd00000,0x00000000de800000)
  to   space 11264K, 0% used [0x00000000e6980000,0x00000000e6980000,0x00000000e7480000)
 ParOldGen       total 59392K, used 14135K [0x0000000081200000, 0x0000000084c00000, 0x00000000d5b80000)
  object space 59392K, 23% used [0x0000000081200000,0x0000000081fcdc08,0x0000000084c00000)
 Metaspace       used 23167K, capacity 23860K, committed 24240K, reserved 1071104K
  class space    used 2678K, capacity 2873K, committed 2992K, reserved 1048576K
Event: 8.382 GC heap after
Heap after GC invocations=9 (full 1):
 PSYoungGen      total 248320K, used 11245K [0x00000000d5b80000, 0x00000000e7480000, 0x0000000100000000)
  eden space 237056K, 0% used [0x00000000d5b80000,0x00000000d5b80000,0x00000000e4300000)
  from space 11264K, 99% used [0x00000000e6980000,0x00000000e747b5c8,0x00000000e7480000)
  to   space 21504K, 0% used [0x00000000e4a80000,0x00000000e4a80000,0x00000000e5f80000)
 ParOldGen       total 59392K, used 34691K [0x0000000081200000, 0x0000000084c00000, 0x00000000d5b80000)
  object space 59392K, 58% used [0x0000000081200000,0x00000000833e0e00,0x0000000084c00000)
 Metaspace       used 23167K, capacity 23860K, committed 24240K, reserved 1071104K
  class space    used 2678K, capacity 2873K, committed 2992K, reserved 1048576K
}
Event: 11.230 GC heap before
{Heap before GC invocations=10 (full 1):
 PSYoungGen      total 248320K, used 248301K [0x00000000d5b80000, 0x00000000e7480000, 0x0000000100000000)
  eden space 237056K, 100% used [0x00000000d5b80000,0x00000000e4300000,0x00000000e4300000)
  from space 11264K, 99% used [0x00000000e6980000,0x00000000e747b5c8,0x00000000e7480000)
  to   space 21504K, 0% used [0x00000000e4a80000,0x00000000e4a80000,0x00000000e5f80000)
 ParOldGen       total 59392K, used 34691K [0x0000000081200000, 0x0000000084c00000, 0x00000000d5b80000)
  object space 59392K, 58% used [0x0000000081200000,0x00000000833e0e00,0x0000000084c00000)
 Metaspace       used 34396K, capacity 35368K, committed 35496K, reserved 1081344K
  class space    used 4180K, capacity 4428K, committed 4520K, reserved 1048576K
Event: 11.286 GC heap after
Heap after GC invocations=10 (full 1):
 PSYoungGen      total 266240K, used 21494K [0x00000000d5b80000, 0x00000000eee00000, 0x0000000100000000)
  eden space 244736K, 0% used [0x00000000d5b80000,0x00000000d5b80000,0x00000000e4a80000)
  from space 21504K, 99% used [0x00000000e4a80000,0x00000000e5f7dbb0,0x00000000e5f80000)
  to   space 33280K, 0% used [0x00000000ecd80000,0x00000000ecd80000,0x00000000eee00000)
 ParOldGen       total 59392K, used 56664K [0x0000000081200000, 0x0000000084c00000, 0x00000000d5b80000)
  object space 59392K, 95% used [0x0000000081200000,0x0000000084956208,0x0000000084c00000)
 Metaspace       used 34396K, capacity 35368K, committed 35496K, reserved 1081344K
  class space    used 4180K, capacity 4428K, committed 4520K, reserved 1048576K
}
Event: 11.286 GC heap before
{Heap before GC invocations=11 (full 2):
 PSYoungGen      total 266240K, used 21494K [0x00000000d5b80000, 0x00000000eee00000, 0x0000000100000000)
  eden space 244736K, 0% used [0x00000000d5b80000,0x00000000d5b80000,0x00000000e4a80000)
  from space 21504K, 99% used [0x00000000e4a80000,0x00000000e5f7dbb0,0x00000000e5f80000)
  to   space 33280K, 0% used [0x00000000ecd80000,0x00000000ecd80000,0x00000000eee00000)
 ParOldGen       total 59392K, used 56664K [0x0000000081200000, 0x0000000084c00000, 0x00000000d5b80000)
  object space 59392K, 95% used [0x0000000081200000,0x0000000084956208,0x0000000084c00000)
 Metaspace       used 34396K, capacity 35368K, committed 35496K, reserved 1081344K
  class space    used 4180K, capacity 4428K, committed 4520K, reserved 1048576K
Event: 11.381 GC heap after
Heap after GC invocations=11 (full 2):
 PSYoungGen      total 266240K, used 0K [0x00000000d5b80000, 0x00000000eee00000, 0x0000000100000000)
  eden space 244736K, 0% used [0x00000000d5b80000,0x00000000d5b80000,0x00000000e4a80000)
  from space 21504K, 0% used [0x00000000e4a80000,0x00000000e4a80000,0x00000000e5f80000)
  to   space 33280K, 0% used [0x00000000ecd80000,0x00000000ecd80000,0x00000000eee00000)
 ParOldGen       total 126976K, used 55638K [0x0000000081200000, 0x0000000088e00000, 0x00000000d5b80000)
  object space 126976K, 43% used [0x0000000081200000,0x0000000084855800,0x0000000088e00000)
 Metaspace       used 34346K, capacity 35222K, committed 35496K, reserved 1081344K
  class space    used 4162K, capacity 4397K, committed 4520K, reserved 1048576K
}

Deoptimization events (10 events):
Event: 11.225 Thread 0x0000000002f1d800 Uncommon trap: reason=unstable_if action=reinterpret pc=0x0000000003ef8250 method=org.springframework.util.ConcurrentReferenceHashMap$Segment.findInChain(Lorg/springframework/util/ConcurrentReferenceHashMap$Reference;Ljava/lang/Object;I)Lorg/springframewor
Event: 11.229 Thread 0x0000000002f1d800 Uncommon trap: reason=unstable_if action=reinterpret pc=0x0000000003ef6d0c method=org.springframework.util.ConcurrentReferenceHashMap$Segment.findInChain(Lorg/springframework/util/ConcurrentReferenceHashMap$Reference;Ljava/lang/Object;I)Lorg/springframeworYî’u&@
Event: 11.230 Thread 0x0000000002f1d800 Uncommon trap: reason=unstable_if action=reinterpret pc=0x0000000003ef1afc method=org.springframework.util.ConcurrentReferenceHashMap$Segment.findInChain(Lorg/springframework/util/ConcurrentReferenceHashMap$Reference;Ljava/lang/Object;I)Lorg/springframeworé{²ÿÃ&@
Event: 11.383 Thread 0x0000000002f1d800 Uncommon trap: reason=unstable_if action=reinterpret pc=0x00000000030553e0 method=java.util.WeakHashMap.remove(Ljava/lang/Object;)Ljava/lang/Object; @ 94
Event: 11.540 Thread 0x0000000002f1d800 Uncommon trap: reason=class_check action=maybe_recompile pc=0x000000000360868c method=java.util.Collections$UnmodifiableMap$UnmodifiableEntrySet$1.hasNext()Z @ 4
Event: 11.561 Thread 0x0000000002f1d800 Uncommon trap: reason=unstable_if action=reinterpret pc=0x0000000003464914 method=java.lang.reflect.Method.equals(Ljava/lang/Object;)Z @ 1
Event: 11.707 Thread 0x0000000002f1d800 Uncommon trap: reason=unstable_if action=reinterpret pc=0x0000000003edbef8 method=org.springframework.util.ConcurrentReferenceHashMap$Segment.restructureIfNecessary(Z)V @ 15
Event: 11.827 Thread 0x0000000002f1d800 Uncommon trap: reason=null_check action=make_not_entrant pc=0x000000000403d8e4 method=org.springframework.core.annotation.AnnotatedElementUtils.searchWithGetSemanticsInAnnotations(Ljava/lang/reflect/AnnotatedElement;Ljava/util/List;Ljava/lang/Class;Ljava/l€ßuìVÑ'@
Event: 11.909 Thread 0x0000000002f1d800 Uncommon trap: reason=unstable_if action=reinterpret pc=0x000000000384726c method=java.net.URL.<init>(Ljava/net/URL;Ljava/lang/String;Ljava/net/URLStreamHandler;)V @ 347
Event: 11.995 Thread 0x0000000002f1d800 Uncommon trap: reason=bimorphic action=maybe_recompile pc=0x00000000037ee6f4 method=java.util.WeakHashMap.eq(Ljava/lang/Object;Ljava/lang/Object;)Z @ 7

Internal exceptions (10 events):
Event: 12.208 Thread 0x0000000002f1d800 Exception <a 'java/lang/ClassNotFoundException': org/springframework/web/servlet/HandlerMappingCustomizer> (0x00000000d9d43ed0) thrown at [C:\workspace\8-2-build-windows-amd64-cygwin\jdk8u65\4987\hotspot\src\share\vm\classfile\systemDictionary.cpp, line 210À™óçj(@
Event: 12.209 Thread 0x0000000002f1d800 Exception <a 'java/lang/ClassNotFoundException': org/springframework/core/OrderedCustomizer> (0x00000000d9d60240) thrown at [C:\workspace\8-2-build-windows-amd64-cygwin\jdk8u65\4987\hotspot\src\share\vm\classfile\systemDictionary.cpp, line 210]
Event: 12.210 Thread 0x0000000002f1d800 Exception <a 'java/lang/ClassNotFoundException': org/springframework/web/context/ServletContextAwareCustomizer> (0x00000000d9d83bc0) thrown at [C:\workspace\8-2-build-windows-amd64-cygwin\jdk8u65\4987\hotspot\src\share\vm\classfile\systemDictionary.cpp, liQ€ÍÞ¾k(@
Event: 12.210 Thread 0x0000000002f1d800 Exception <a 'java/lang/ClassNotFoundException': org/springframework/context/ApplicationContextAwareCustomizer> (0x00000000d9da78f8) thrown at [C:\workspace\8-2-build-windows-amd64-cygwin\jdk8u65\4987\hotspot\src\share\vm\classfile\systemDictionary.cpp, liù+	õ™x(@
Event: 12.236 Thread 0x0000000002f1d800 Exception <a 'java/lang/ClassNotFoundException': org/springframework/web/servlet/config/annotation/WebMvcConfigurationSupport$EmptyHandlerMappingBeanInfo> (0x00000000d9ef41b8) thrown at [C:\workspace\8-2-build-windows-amd64-cygwin\jdk8u65\4987\hotspot\src\‘9¶žy(@
Event: 12.238 Thread 0x0000000002f1d800 Exception <a 'java/lang/ClassNotFoundException': org/springframework/web/servlet/config/annotation/WebMvcConfigurationSupport$EmptyHandlerMappingCustomizer> (0x00000000d9f258b8) thrown at [C:\workspace\8-2-build-windows-amd64-cygwin\jdk8u65\4987\hotspot\srHZàá,{(@
Event: 12.241 Thread 0x0000000002f1d800 Exception <a 'java/lang/ClassNotFoundException': org/springframework/web/servlet/HandlerMappingCustomizer> (0x00000000d9f53f80) thrown at [C:\workspace\8-2-build-windows-amd64-cygwin\jdk8u65\4987\hotspot\src\share\vm\classfile\systemDictionary.cpp, line 21'ªÀ(|(@
Event: 12.242 Thread 0x0000000002f1d800 Exception <a 'java/lang/ClassNotFoundException': org/springframework/core/OrderedCustomizer> (0x00000000d9f702f0) thrown at [C:\workspace\8-2-build-windows-amd64-cygwin\jdk8u65\4987\hotspot\src\share\vm\classfile\systemDictionary.cpp, line 210]
Event: 12.244 Thread 0x0000000002f1d800 Exception <a 'java/lang/ClassNotFoundException': org/springframework/web/context/ServletContextAwareCustomizer> (0x00000000d9f93c70) thrown at [C:\workspace\8-2-build-windows-amd64-cygwin\jdk8u65\4987\hotspot\src\share\vm\classfile\systemDictionary.cpp, li)Bêvö}(@
Event: 12.246 Thread 0x0000000002f1d800 Exception <a 'java/lang/ClassNotFoundException': org/springframework/context/ApplicationContextAwareCustomizer> (0x00000000d9fb79a8) thrown at [C:\workspace\8-2-build-windows-amd64-cygwin\jdk8u65\4987\hotspot\src\share\vm\classfile\systemDictionary.cpp, lioÚçŒƒj(@

Events (10 events):
Event: 12.311 loading class javax/json/bind$Jsonb
Event: 12.311 loading class javax/json/bind$Jsonb done
Event: 12.314 loading class javax/xml/bind/JAXBException
Event: 12.314 loading class javax/xml/bind/JAXBException done
Event: 12.315 loading class javax/xml/bind/MarshalException
Event: 12.315 loading class javax/xml/bind/MarshalException done
Event: 12.315 loading class javax/xml/bind/UnmarshalException
Event: 12.315 loading class javax/xml/bind/UnmarshalException done
Event: 12.424 loading class java/io/CharArrayReader
Event: 12.424 loading class java/io/CharArrayReader done


Dynamic libraries:
0x00007ff77ff70000 - 0x00007ff77ffa7000 	C:\Program Files\Java\jdk1.8.0_65\bin\javaw.exe
0x00007ffed20e0000 - 0x00007ffed22c1000 	C:\WINDOWS\SYSTEM32\ntdll.dll
0x00007ffecfd60000 - 0x00007ffecfe12000 	C:\WINDOWS\System32\KERNEL32.DLL
0x00007ffecee00000 - 0x00007ffecf073000 	C:\WINDOWS\System32\KERNELBASE.dll
0x00007ffecf5a0000 - 0x00007ffecf641000 	C:\WINDOWS\System32\ADVAPI32.dll
0x00007ffecf910000 - 0x00007ffecf9ae000 	C:\WINDOWS\System32\msvcrt.dll
0x00007ffecf650000 - 0x00007ffecf6ab000 	C:\WINDOWS\System32\sechost.dll
0x00007ffed03c0000 - 0x00007ffed04e4000 	C:\WINDOWS\System32\RPCRT4.dll
0x00007ffed1940000 - 0x00007ffed1ad0000 	C:\WINDOWS\System32\USER32.dll
0x00007ffecf3b0000 - 0x00007ffecf3d0000 	C:\WINDOWS\System32\win32u.dll
0x00007ffecf8e0000 - 0x00007ffecf908000 	C:\WINDOWS\System32\GDI32.dll
0x00007ffecf3d0000 - 0x00007ffecf562000 	C:\WINDOWS\System32\gdi32full.dll
0x00007ffecf2b0000 - 0x00007ffecf34f000 	C:\WINDOWS\System32\msvcp_win.dll
0x00007ffecf1b0000 - 0x00007ffecf2aa000 	C:\WINDOWS\System32\ucrtbase.dll
0x00007ffeb8780000 - 0x00007ffeb89e9000 	C:\WINDOWS\WinSxS\amd64_microsoft.windows.common-controls_6595b64144ccf1df_6.0.17134.472_none_fb3f9af53068156d\COMCTL32.dll
0x00007ffecf9b0000 - 0x00007ffecfcd2000 	C:\WINDOWS\System32\combase.dll
0x00007ffecf080000 - 0x00007ffecf0fa000 	C:\WINDOWS\System32\bcryptPrimitives.dll
0x00007ffecf570000 - 0x00007ffecf59d000 	C:\WINDOWS\System32\IMM32.DLL
0x0000000052560000 - 0x0000000052632000 	C:\Program Files\Java\jdk1.8.0_65\jre\bin\msvcr100.dll
0x0000000051600000 - 0x0000000051e89000 	C:\Program Files\Java\jdk1.8.0_65\jre\bin\server\jvm.dll
0x00007ffecff60000 - 0x00007ffecff68000 	C:\WINDOWS\System32\PSAPI.DLL
0x00007ffecc510000 - 0x00007ffecc519000 	C:\WINDOWS\SYSTEM32\WSOCK32.dll
0x00007ffec2d90000 - 0x00007ffec2d9a000 	C:\WINDOWS\SYSTEM32\VERSION.dll
0x00007ffecbbb0000 - 0x00007ffecbbd3000 	C:\WINDOWS\SYSTEM32\WINMM.dll
0x00007ffecfed0000 - 0x00007ffecff3c000 	C:\WINDOWS\System32\WS2_32.dll
0x00007ffecbb80000 - 0x00007ffecbbaa000 	C:\WINDOWS\SYSTEM32\winmmbase.dll
0x00007ffece4b0000 - 0x00007ffece4f9000 	C:\WINDOWS\System32\cfgmgr32.dll
0x0000000052730000 - 0x000000005273f000 	C:\Program Files\Java\jdk1.8.0_65\jre\bin\verify.dll
0x00000000526a0000 - 0x00000000526c9000 	C:\Program Files\Java\jdk1.8.0_65\jre\bin\java.dll
0x0000000052680000 - 0x0000000052696000 	C:\Program Files\Java\jdk1.8.0_65\jre\bin\zip.dll
0x00007ffed04f0000 - 0x00007ffed1930000 	C:\WINDOWS\System32\SHELL32.dll
0x00007ffecfe20000 - 0x00007ffecfec9000 	C:\WINDOWS\System32\shcore.dll
0x00007ffece500000 - 0x00007ffecec0d000 	C:\WINDOWS\System32\windows.storage.dll
0x00007ffed1db0000 - 0x00007ffed1e01000 	C:\WINDOWS\System32\shlwapi.dll
0x00007ffece460000 - 0x00007ffece471000 	C:\WINDOWS\System32\kernel.appcore.dll
0x00007ffece490000 - 0x00007ffece4af000 	C:\WINDOWS\System32\profapi.dll
0x00007ffece3f0000 - 0x00007ffece43c000 	C:\WINDOWS\System32\powrprof.dll
0x00007ffece480000 - 0x00007ffece48a000 	C:\WINDOWS\System32\FLTLIB.DLL
0x00007ffece170000 - 0x00007ffece187000 	C:\WINDOWS\SYSTEM32\CRYPTSP.dll
0x00007ffecd810000 - 0x00007ffecd843000 	C:\WINDOWS\system32\rsaenh.dll
0x00007ffecdf80000 - 0x00007ffecdfa5000 	C:\WINDOWS\SYSTEM32\bcrypt.dll
0x00007ffece2f0000 - 0x00007ffece318000 	C:\WINDOWS\SYSTEM32\USERENV.dll
0x00007ffecdd80000 - 0x00007ffecdd8b000 	C:\WINDOWS\SYSTEM32\CRYPTBASE.dll
0x0000000052660000 - 0x000000005267a000 	C:\Program Files\Java\jdk1.8.0_65\jre\bin\net.dll
0x00007ffecdc20000 - 0x00007ffecdc86000 	C:\WINDOWS\system32\mswsock.dll
0x00007ffecd9b0000 - 0x00007ffecd9e8000 	C:\WINDOWS\SYSTEM32\IPHLPAPI.DLL
0x00007ffecf8d0000 - 0x00007ffecf8d8000 	C:\WINDOWS\System32\NSI.dll
0x00007ffec75b0000 - 0x00007ffec75c6000 	C:\WINDOWS\SYSTEM32\dhcpcsvc6.DLL
0x00007ffec7590000 - 0x00007ffec75aa000 	C:\WINDOWS\SYSTEM32\dhcpcsvc.DLL
0x0000000052640000 - 0x0000000052651000 	C:\Program Files\Java\jdk1.8.0_65\jre\bin\nio.dll
0x00007ffeca3a0000 - 0x00007ffeca3aa000 	C:\Users\Woo-Young\AppData\Local\Temp\jansi-1.17-4833158660012392909.dll
0x00007ffec9360000 - 0x00007ffec936a000 	C:\Users\Woo-Young\AppData\Local\Temp\jansi-1.17-5640497558702614279.dll
0x0000000052550000 - 0x000000005255d000 	C:\Program Files\Java\jdk1.8.0_65\jre\bin\management.dll
0x00007ffea9350000 - 0x00007ffea9366000 	C:\WINDOWS\system32\napinsp.dll
0x00007ffea66f0000 - 0x00007ffea670a000 	C:\WINDOWS\system32\pnrpnsp.dll
0x00007ffeca2e0000 - 0x00007ffeca2f9000 	C:\WINDOWS\system32\NLAapi.dll
0x00007ffecd9f0000 - 0x00007ffecdaae000 	C:\WINDOWS\SYSTEM32\DNSAPI.dll
0x00007ffebce80000 - 0x00007ffebce8e000 	C:\WINDOWS\System32\winrnr.dll
0x00007ffea2970000 - 0x00007ffea2985000 	C:\WINDOWS\System32\wshbth.dll
0x00007ffec5a70000 - 0x00007ffec5a7a000 	C:\Windows\System32\rasadhlp.dll
0x00007ffec7be0000 - 0x00007ffec7c52000 	C:\WINDOWS\System32\fwpuclnt.dll

VM Arguments:
jvm_args: -Dmaven.home=EMBEDDED -Dclassworlds.conf=D:\PROJECT\springbootworkspace\.metadata\.plugins\org.eclipse.m2e.launching\launches\m2conf8569181853831232809.tmp -Dmaven.multiModuleProjectDirectory=D:\PROJECT\springbootworkspace\spring-mvc-showcase -Dfile.encoding=MS949 
java_command: org.codehaus.plexus.classworlds.launcher.Launcher -Ppom.xml -B jetty:run
java_class_path (initial): D:\ProgramFiles\sts-4.1.0\plugins\org.eclipse.m2e.maven.runtime_1.10.0.20181127-2120\jars\plexus-classworlds-2.5.2.jar
Launcher Type: SUN_STANDARD

Environment Variables:
JAVA_HOME=C:\Program Files\Java\jdk1.8.0_65
PATH=C:/Program Files/Java/jdk1.8.0_65/jre/bin/server;C:/Program Files/Java/jdk1.8.0_65/jre/bin;C:/Program Files/Java/jdk1.8.0_65/jre/lib/amd64;C:\Program Files\Docker\Docker\Resources\bin;C:\Program Files (x86)\Common Files\Oracle\Java\javapath;C:\Program Files\Java\jdk1.8.0_65bin;C:\ProgramData\Oracle\Java\javapath;C:\WINDOWS\system32;C:\WINDOWS;C:\WINDOWS\System32\Wbem;C:\WINDOWS\System32\WindowsPowerShell\v1.0\;C:\Program Files\TortoiseSVN\bin;C:\Program Files\Git\cmd;C:\ProgramData\Anaconda3;C:\ProgramData\Anaconda3\Scripts;;C:\WINDOWS\System32\OpenSSH\;C:\Program Files\Microsoft VS Code\bin;C:\Users\Woo-Young\AppData\Local\Microsoft\WindowsApps;;C:\Program Files\Microsoft VS Code\bin;D:\ProgramFiles\sts-4.1.0;
USERNAME=Woo-Young
OS=Windows_NT
PROCESSOR_IDENTIFIER=Intel64 Family 6 Model 70 Stepping 1, GenuineIntel



---------------  S Y S T E M  ---------------

OS: Windows 10.0 , 64 bit Build 17134 (10.0.17134.1)

CPU:total 8 (4 cores per cpu, 2 threads per core) family 6 model 70 stepping 1, cmov, cx8, fxsr, mmx, sse, sse2, sse3, ssse3, sse4.1, sse4.2, popcnt, avx, avx2, aes, clmul, erms, lzcnt, ht, tsc, tscinvbit, bmi1, bmi2

Memory: 4k page, physical 8306988k(3162596k free), swap 33472812k(5552k free)

vm_info: Java HotSpot(TM) 64-Bit Server VM (25.65-b01) for windows-amd64 JRE (1.8.0_65-b17), built on Oct  6 2015 16:39:20 by "java_re" with MS VC++ 10.0 (VS2010)

time: Sat Jan 12 23:16:23 2019
elapsed time: 12 seconds (0d 0h 0m 12s)

